[0.066s] DEBUG:colcon:Command line arguments: ['/usr/bin/colcon', 'build']
[0.066s] DEBUG:colcon:Parsed command line arguments: Namespace(log_base=None, log_level=None, verb_name='build', build_base='build', install_base='install', merge_install=False, symlink_install=False, test_result_base=None, continue_on_error=False, executor='parallel', parallel_workers=8, event_handlers=None, ignore_user_meta=False, metas=['./colcon.meta'], base_paths=['.'], packages_ignore=None, packages_ignore_regex=None, paths=None, packages_up_to=None, packages_up_to_regex=None, packages_above=None, packages_above_and_dependencies=None, packages_above_depth=None, packages_select_by_dep=None, packages_skip_by_dep=None, packages_skip_up_to=None, packages_select_build_failed=False, packages_skip_build_finished=False, packages_select_test_failures=False, packages_skip_test_passed=False, packages_select=None, packages_skip=None, packages_select_regex=None, packages_skip_regex=None, packages_start=None, packages_end=None, allow_overriding=[], cmake_args=None, cmake_target=None, cmake_target_skip_unavailable=False, cmake_clean_cache=False, cmake_clean_first=False, cmake_force_configure=False, ament_cmake_args=None, catkin_cmake_args=None, catkin_skip_building_tests=False, mixin_files=None, mixin=None, verb_parser=<colcon_mixin.mixin.mixin_argument.MixinArgumentDecorator object at 0x7073e9266a40>, verb_extension=<colcon_core.verb.build.BuildVerb object at 0x7073e9266470>, main=<bound method BuildVerb.main of <colcon_core.verb.build.BuildVerb object at 0x7073e9266470>>, mixin_verb=('build',))
[0.170s] Level 1:colcon.colcon_core.package_discovery:discover_packages(colcon_meta) check parameters
[0.170s] Level 1:colcon.colcon_core.package_discovery:discover_packages(recursive) check parameters
[0.170s] Level 1:colcon.colcon_core.package_discovery:discover_packages(ignore) check parameters
[0.170s] Level 1:colcon.colcon_core.package_discovery:discover_packages(path) check parameters
[0.170s] Level 1:colcon.colcon_core.package_discovery:discover_packages(colcon_meta) discover
[0.170s] Level 1:colcon.colcon_core.package_discovery:discover_packages(recursive) discover
[0.170s] INFO:colcon.colcon_core.package_discovery:Crawling recursively for packages in '/home/kevin/crazyflie_phasespace'
[0.170s] Level 1:colcon.colcon_core.package_identification:_identify(.) by extensions ['ignore', 'ignore_ament_install']
[0.171s] Level 1:colcon.colcon_core.package_identification:_identify(.) by extension 'ignore'
[0.171s] Level 1:colcon.colcon_core.package_identification:_identify(.) by extension 'ignore_ament_install'
[0.171s] Level 1:colcon.colcon_core.package_identification:_identify(.) by extensions ['colcon_pkg']
[0.171s] Level 1:colcon.colcon_core.package_identification:_identify(.) by extension 'colcon_pkg'
[0.171s] Level 1:colcon.colcon_core.package_identification:_identify(.) by extensions ['colcon_meta']
[0.171s] Level 1:colcon.colcon_core.package_identification:_identify(.) by extension 'colcon_meta'
[0.171s] Level 1:colcon.colcon_core.package_identification:_identify(.) by extensions ['ros']
[0.171s] Level 1:colcon.colcon_core.package_identification:_identify(.) by extension 'ros'
[0.178s] Level 1:colcon.colcon_core.package_identification:_identify(.) by extensions ['cmake', 'python']
[0.178s] Level 1:colcon.colcon_core.package_identification:_identify(.) by extension 'cmake'
[0.178s] Level 1:colcon.colcon_core.package_identification:_identify(.) by extension 'python'
[0.178s] Level 1:colcon.colcon_core.package_identification:_identify(.) by extensions ['python_setup_py']
[0.178s] Level 1:colcon.colcon_core.package_identification:_identify(.) by extension 'python_setup_py'
[0.178s] Level 1:colcon.colcon_core.package_identification:_identify(build) by extensions ['ignore', 'ignore_ament_install']
[0.178s] Level 1:colcon.colcon_core.package_identification:_identify(build) by extension 'ignore'
[0.178s] Level 1:colcon.colcon_core.package_identification:_identify(build) ignored
[0.178s] Level 1:colcon.colcon_core.package_identification:_identify(install) by extensions ['ignore', 'ignore_ament_install']
[0.178s] Level 1:colcon.colcon_core.package_identification:_identify(install) by extension 'ignore'
[0.178s] Level 1:colcon.colcon_core.package_identification:_identify(install) ignored
[0.178s] Level 1:colcon.colcon_core.package_identification:_identify(log) by extensions ['ignore', 'ignore_ament_install']
[0.178s] Level 1:colcon.colcon_core.package_identification:_identify(log) by extension 'ignore'
[0.178s] Level 1:colcon.colcon_core.package_identification:_identify(log) ignored
[0.179s] Level 1:colcon.colcon_core.package_identification:_identify(src) by extensions ['ignore', 'ignore_ament_install']
[0.179s] Level 1:colcon.colcon_core.package_identification:_identify(src) by extension 'ignore'
[0.179s] Level 1:colcon.colcon_core.package_identification:_identify(src) by extension 'ignore_ament_install'
[0.179s] Level 1:colcon.colcon_core.package_identification:_identify(src) by extensions ['colcon_pkg']
[0.179s] Level 1:colcon.colcon_core.package_identification:_identify(src) by extension 'colcon_pkg'
[0.179s] Level 1:colcon.colcon_core.package_identification:_identify(src) by extensions ['colcon_meta']
[0.179s] Level 1:colcon.colcon_core.package_identification:_identify(src) by extension 'colcon_meta'
[0.179s] Level 1:colcon.colcon_core.package_identification:_identify(src) by extensions ['ros']
[0.179s] Level 1:colcon.colcon_core.package_identification:_identify(src) by extension 'ros'
[0.179s] Level 1:colcon.colcon_core.package_identification:_identify(src) by extensions ['cmake', 'python']
[0.179s] Level 1:colcon.colcon_core.package_identification:_identify(src) by extension 'cmake'
[0.179s] Level 1:colcon.colcon_core.package_identification:_identify(src) by extension 'python'
[0.179s] Level 1:colcon.colcon_core.package_identification:_identify(src) by extensions ['python_setup_py']
[0.179s] Level 1:colcon.colcon_core.package_identification:_identify(src) by extension 'python_setup_py'
[0.179s] Level 1:colcon.colcon_core.package_identification:_identify(src/bayes_opt_ros2) by extensions ['ignore', 'ignore_ament_install']
[0.179s] Level 1:colcon.colcon_core.package_identification:_identify(src/bayes_opt_ros2) by extension 'ignore'
[0.179s] Level 1:colcon.colcon_core.package_identification:_identify(src/bayes_opt_ros2) by extension 'ignore_ament_install'
[0.179s] Level 1:colcon.colcon_core.package_identification:_identify(src/bayes_opt_ros2) by extensions ['colcon_pkg']
[0.179s] Level 1:colcon.colcon_core.package_identification:_identify(src/bayes_opt_ros2) by extension 'colcon_pkg'
[0.179s] Level 1:colcon.colcon_core.package_identification:_identify(src/bayes_opt_ros2) by extensions ['colcon_meta']
[0.179s] Level 1:colcon.colcon_core.package_identification:_identify(src/bayes_opt_ros2) by extension 'colcon_meta'
[0.179s] Level 1:colcon.colcon_core.package_identification:_identify(src/bayes_opt_ros2) by extensions ['ros']
[0.179s] Level 1:colcon.colcon_core.package_identification:_identify(src/bayes_opt_ros2) by extension 'ros'
[0.181s] DEBUG:colcon.colcon_core.package_identification:Package 'src/bayes_opt_ros2' with type 'ros.catkin' and name 'bayes_opt_ros2'
[0.181s] Level 1:colcon.colcon_core.package_identification:_identify(src/crazyflie_python) by extensions ['ignore', 'ignore_ament_install']
[0.181s] Level 1:colcon.colcon_core.package_identification:_identify(src/crazyflie_python) by extension 'ignore'
[0.181s] Level 1:colcon.colcon_core.package_identification:_identify(src/crazyflie_python) by extension 'ignore_ament_install'
[0.181s] Level 1:colcon.colcon_core.package_identification:_identify(src/crazyflie_python) by extensions ['colcon_pkg']
[0.181s] Level 1:colcon.colcon_core.package_identification:_identify(src/crazyflie_python) by extension 'colcon_pkg'
[0.181s] Level 1:colcon.colcon_core.package_identification:_identify(src/crazyflie_python) by extensions ['colcon_meta']
[0.181s] Level 1:colcon.colcon_core.package_identification:_identify(src/crazyflie_python) by extension 'colcon_meta'
[0.181s] Level 1:colcon.colcon_core.package_identification:_identify(src/crazyflie_python) by extensions ['ros']
[0.181s] Level 1:colcon.colcon_core.package_identification:_identify(src/crazyflie_python) by extension 'ros'
[0.181s] Level 1:colcon.colcon_core.package_identification:_identify(src/crazyflie_python) by extensions ['cmake', 'python']
[0.181s] Level 1:colcon.colcon_core.package_identification:_identify(src/crazyflie_python) by extension 'cmake'
[0.181s] Level 1:colcon.colcon_core.package_identification:_identify(src/crazyflie_python) by extension 'python'
[0.181s] Level 1:colcon.colcon_core.package_identification:_identify(src/crazyflie_python) by extensions ['python_setup_py']
[0.181s] Level 1:colcon.colcon_core.package_identification:_identify(src/crazyflie_python) by extension 'python_setup_py'
[0.181s] Level 1:colcon.colcon_core.package_identification:_identify(src/phasespace_ros_node-main 2) by extensions ['ignore', 'ignore_ament_install']
[0.181s] Level 1:colcon.colcon_core.package_identification:_identify(src/phasespace_ros_node-main 2) by extension 'ignore'
[0.181s] Level 1:colcon.colcon_core.package_identification:_identify(src/phasespace_ros_node-main 2) by extension 'ignore_ament_install'
[0.181s] Level 1:colcon.colcon_core.package_identification:_identify(src/phasespace_ros_node-main 2) by extensions ['colcon_pkg']
[0.181s] Level 1:colcon.colcon_core.package_identification:_identify(src/phasespace_ros_node-main 2) by extension 'colcon_pkg'
[0.181s] Level 1:colcon.colcon_core.package_identification:_identify(src/phasespace_ros_node-main 2) by extensions ['colcon_meta']
[0.181s] Level 1:colcon.colcon_core.package_identification:_identify(src/phasespace_ros_node-main 2) by extension 'colcon_meta'
[0.181s] Level 1:colcon.colcon_core.package_identification:_identify(src/phasespace_ros_node-main 2) by extensions ['ros']
[0.181s] Level 1:colcon.colcon_core.package_identification:_identify(src/phasespace_ros_node-main 2) by extension 'ros'
[0.181s] Level 1:colcon.colcon_core.package_identification:_identify(src/phasespace_ros_node-main 2) by extensions ['cmake', 'python']
[0.181s] Level 1:colcon.colcon_core.package_identification:_identify(src/phasespace_ros_node-main 2) by extension 'cmake'
[0.181s] Level 1:colcon.colcon_core.package_identification:_identify(src/phasespace_ros_node-main 2) by extension 'python'
[0.181s] Level 1:colcon.colcon_core.package_identification:_identify(src/phasespace_ros_node-main 2) by extensions ['python_setup_py']
[0.181s] Level 1:colcon.colcon_core.package_identification:_identify(src/phasespace_ros_node-main 2) by extension 'python_setup_py'
[0.181s] Level 1:colcon.colcon_core.package_identification:_identify(src/phasespace_ros_node-main 2/phasespace_ros_node-main) by extensions ['ignore', 'ignore_ament_install']
[0.181s] Level 1:colcon.colcon_core.package_identification:_identify(src/phasespace_ros_node-main 2/phasespace_ros_node-main) by extension 'ignore'
[0.181s] Level 1:colcon.colcon_core.package_identification:_identify(src/phasespace_ros_node-main 2/phasespace_ros_node-main) by extension 'ignore_ament_install'
[0.181s] Level 1:colcon.colcon_core.package_identification:_identify(src/phasespace_ros_node-main 2/phasespace_ros_node-main) by extensions ['colcon_pkg']
[0.182s] Level 1:colcon.colcon_core.package_identification:_identify(src/phasespace_ros_node-main 2/phasespace_ros_node-main) by extension 'colcon_pkg'
[0.182s] Level 1:colcon.colcon_core.package_identification:_identify(src/phasespace_ros_node-main 2/phasespace_ros_node-main) by extensions ['colcon_meta']
[0.182s] Level 1:colcon.colcon_core.package_identification:_identify(src/phasespace_ros_node-main 2/phasespace_ros_node-main) by extension 'colcon_meta'
[0.182s] Level 1:colcon.colcon_core.package_identification:_identify(src/phasespace_ros_node-main 2/phasespace_ros_node-main) by extensions ['ros']
[0.182s] Level 1:colcon.colcon_core.package_identification:_identify(src/phasespace_ros_node-main 2/phasespace_ros_node-main) by extension 'ros'
[0.182s] Level 1:colcon.colcon_core.package_identification:_identify(src/phasespace_ros_node-main 2/phasespace_ros_node-main) by extensions ['cmake', 'python']
[0.182s] Level 1:colcon.colcon_core.package_identification:_identify(src/phasespace_ros_node-main 2/phasespace_ros_node-main) by extension 'cmake'
[0.182s] Level 1:colcon.colcon_core.package_identification:_identify(src/phasespace_ros_node-main 2/phasespace_ros_node-main) by extension 'python'
[0.182s] Level 1:colcon.colcon_core.package_identification:_identify(src/phasespace_ros_node-main 2/phasespace_ros_node-main) by extensions ['python_setup_py']
[0.182s] Level 1:colcon.colcon_core.package_identification:_identify(src/phasespace_ros_node-main 2/phasespace_ros_node-main) by extension 'python_setup_py'
[0.182s] Level 1:colcon.colcon_core.package_identification:_identify(src/phasespace_ros_node-main 2/phasespace_ros_node-main/phasespace_client) by extensions ['ignore', 'ignore_ament_install']
[0.182s] Level 1:colcon.colcon_core.package_identification:_identify(src/phasespace_ros_node-main 2/phasespace_ros_node-main/phasespace_client) by extension 'ignore'
[0.182s] Level 1:colcon.colcon_core.package_identification:_identify(src/phasespace_ros_node-main 2/phasespace_ros_node-main/phasespace_client) by extension 'ignore_ament_install'
[0.182s] Level 1:colcon.colcon_core.package_identification:_identify(src/phasespace_ros_node-main 2/phasespace_ros_node-main/phasespace_client) by extensions ['colcon_pkg']
[0.182s] Level 1:colcon.colcon_core.package_identification:_identify(src/phasespace_ros_node-main 2/phasespace_ros_node-main/phasespace_client) by extension 'colcon_pkg'
[0.182s] Level 1:colcon.colcon_core.package_identification:_identify(src/phasespace_ros_node-main 2/phasespace_ros_node-main/phasespace_client) by extensions ['colcon_meta']
[0.182s] Level 1:colcon.colcon_core.package_identification:_identify(src/phasespace_ros_node-main 2/phasespace_ros_node-main/phasespace_client) by extension 'colcon_meta'
[0.182s] Level 1:colcon.colcon_core.package_identification:_identify(src/phasespace_ros_node-main 2/phasespace_ros_node-main/phasespace_client) by extensions ['ros']
[0.182s] Level 1:colcon.colcon_core.package_identification:_identify(src/phasespace_ros_node-main 2/phasespace_ros_node-main/phasespace_client) by extension 'ros'
[0.182s] DEBUG:colcon.colcon_core.package_identification:Package 'src/phasespace_ros_node-main 2/phasespace_ros_node-main/phasespace_client' with type 'ros.ament_cmake' and name 'phasespace_client'
[0.183s] Level 1:colcon.colcon_core.package_identification:_identify(src/phasespace_ros_node-main 2/phasespace_ros_node-main/phasespace_msgs) by extensions ['ignore', 'ignore_ament_install']
[0.183s] Level 1:colcon.colcon_core.package_identification:_identify(src/phasespace_ros_node-main 2/phasespace_ros_node-main/phasespace_msgs) by extension 'ignore'
[0.183s] Level 1:colcon.colcon_core.package_identification:_identify(src/phasespace_ros_node-main 2/phasespace_ros_node-main/phasespace_msgs) by extension 'ignore_ament_install'
[0.183s] Level 1:colcon.colcon_core.package_identification:_identify(src/phasespace_ros_node-main 2/phasespace_ros_node-main/phasespace_msgs) by extensions ['colcon_pkg']
[0.183s] Level 1:colcon.colcon_core.package_identification:_identify(src/phasespace_ros_node-main 2/phasespace_ros_node-main/phasespace_msgs) by extension 'colcon_pkg'
[0.183s] Level 1:colcon.colcon_core.package_identification:_identify(src/phasespace_ros_node-main 2/phasespace_ros_node-main/phasespace_msgs) by extensions ['colcon_meta']
[0.183s] Level 1:colcon.colcon_core.package_identification:_identify(src/phasespace_ros_node-main 2/phasespace_ros_node-main/phasespace_msgs) by extension 'colcon_meta'
[0.183s] Level 1:colcon.colcon_core.package_identification:_identify(src/phasespace_ros_node-main 2/phasespace_ros_node-main/phasespace_msgs) by extensions ['ros']
[0.183s] Level 1:colcon.colcon_core.package_identification:_identify(src/phasespace_ros_node-main 2/phasespace_ros_node-main/phasespace_msgs) by extension 'ros'
[0.183s] DEBUG:colcon.colcon_core.package_identification:Package 'src/phasespace_ros_node-main 2/phasespace_ros_node-main/phasespace_msgs' with type 'ros.ament_cmake' and name 'phasespace_msgs'
[0.183s] Level 1:colcon.colcon_core.package_discovery:discover_packages(recursive) using defaults
[0.183s] Level 1:colcon.colcon_core.package_discovery:discover_packages(ignore) discover
[0.183s] Level 1:colcon.colcon_core.package_discovery:discover_packages(ignore) using defaults
[0.183s] Level 1:colcon.colcon_core.package_discovery:discover_packages(path) discover
[0.183s] Level 1:colcon.colcon_core.package_discovery:discover_packages(path) using defaults
[0.206s] Level 1:colcon.colcon_core.package_discovery:discover_packages(prefix_path) check parameters
[0.206s] Level 1:colcon.colcon_core.package_discovery:discover_packages(prefix_path) discover
[0.207s] DEBUG:colcon.colcon_installed_package_information.package_discovery:Found 271 installed packages in /opt/ros/humble
[0.208s] Level 1:colcon.colcon_core.package_discovery:discover_packages(prefix_path) using defaults
[0.228s] Level 5:colcon.colcon_core.verb:set package 'bayes_opt_ros2' build argument 'cmake_args' from command line to 'None'
[0.228s] Level 5:colcon.colcon_core.verb:set package 'bayes_opt_ros2' build argument 'cmake_target' from command line to 'None'
[0.228s] Level 5:colcon.colcon_core.verb:set package 'bayes_opt_ros2' build argument 'cmake_target_skip_unavailable' from command line to 'False'
[0.228s] Level 5:colcon.colcon_core.verb:set package 'bayes_opt_ros2' build argument 'cmake_clean_cache' from command line to 'False'
[0.228s] Level 5:colcon.colcon_core.verb:set package 'bayes_opt_ros2' build argument 'cmake_clean_first' from command line to 'False'
[0.228s] Level 5:colcon.colcon_core.verb:set package 'bayes_opt_ros2' build argument 'cmake_force_configure' from command line to 'False'
[0.228s] Level 5:colcon.colcon_core.verb:set package 'bayes_opt_ros2' build argument 'ament_cmake_args' from command line to 'None'
[0.228s] Level 5:colcon.colcon_core.verb:set package 'bayes_opt_ros2' build argument 'catkin_cmake_args' from command line to 'None'
[0.228s] Level 5:colcon.colcon_core.verb:set package 'bayes_opt_ros2' build argument 'catkin_skip_building_tests' from command line to 'False'
[0.228s] DEBUG:colcon.colcon_core.verb:Building package 'bayes_opt_ros2' with the following arguments: {'ament_cmake_args': None, 'build_base': '/home/kevin/crazyflie_phasespace/build/bayes_opt_ros2', 'catkin_cmake_args': None, 'catkin_skip_building_tests': False, 'cmake_args': None, 'cmake_clean_cache': False, 'cmake_clean_first': False, 'cmake_force_configure': False, 'cmake_target': None, 'cmake_target_skip_unavailable': False, 'install_base': '/home/kevin/crazyflie_phasespace/install/bayes_opt_ros2', 'merge_install': False, 'path': '/home/kevin/crazyflie_phasespace/src/bayes_opt_ros2', 'symlink_install': False, 'test_result_base': None}
[0.228s] Level 5:colcon.colcon_core.verb:set package 'phasespace_msgs' build argument 'cmake_args' from command line to 'None'
[0.228s] Level 5:colcon.colcon_core.verb:set package 'phasespace_msgs' build argument 'cmake_target' from command line to 'None'
[0.228s] Level 5:colcon.colcon_core.verb:set package 'phasespace_msgs' build argument 'cmake_target_skip_unavailable' from command line to 'False'
[0.228s] Level 5:colcon.colcon_core.verb:set package 'phasespace_msgs' build argument 'cmake_clean_cache' from command line to 'False'
[0.229s] Level 5:colcon.colcon_core.verb:set package 'phasespace_msgs' build argument 'cmake_clean_first' from command line to 'False'
[0.229s] Level 5:colcon.colcon_core.verb:set package 'phasespace_msgs' build argument 'cmake_force_configure' from command line to 'False'
[0.229s] Level 5:colcon.colcon_core.verb:set package 'phasespace_msgs' build argument 'ament_cmake_args' from command line to 'None'
[0.229s] Level 5:colcon.colcon_core.verb:set package 'phasespace_msgs' build argument 'catkin_cmake_args' from command line to 'None'
[0.229s] Level 5:colcon.colcon_core.verb:set package 'phasespace_msgs' build argument 'catkin_skip_building_tests' from command line to 'False'
[0.229s] DEBUG:colcon.colcon_core.verb:Building package 'phasespace_msgs' with the following arguments: {'ament_cmake_args': None, 'build_base': '/home/kevin/crazyflie_phasespace/build/phasespace_msgs', 'catkin_cmake_args': None, 'catkin_skip_building_tests': False, 'cmake_args': None, 'cmake_clean_cache': False, 'cmake_clean_first': False, 'cmake_force_configure': False, 'cmake_target': None, 'cmake_target_skip_unavailable': False, 'install_base': '/home/kevin/crazyflie_phasespace/install/phasespace_msgs', 'merge_install': False, 'path': '/home/kevin/crazyflie_phasespace/src/phasespace_ros_node-main 2/phasespace_ros_node-main/phasespace_msgs', 'symlink_install': False, 'test_result_base': None}
[0.229s] Level 5:colcon.colcon_core.verb:set package 'phasespace_client' build argument 'cmake_args' from command line to 'None'
[0.229s] Level 5:colcon.colcon_core.verb:set package 'phasespace_client' build argument 'cmake_target' from command line to 'None'
[0.229s] Level 5:colcon.colcon_core.verb:set package 'phasespace_client' build argument 'cmake_target_skip_unavailable' from command line to 'False'
[0.229s] Level 5:colcon.colcon_core.verb:set package 'phasespace_client' build argument 'cmake_clean_cache' from command line to 'False'
[0.229s] Level 5:colcon.colcon_core.verb:set package 'phasespace_client' build argument 'cmake_clean_first' from command line to 'False'
[0.229s] Level 5:colcon.colcon_core.verb:set package 'phasespace_client' build argument 'cmake_force_configure' from command line to 'False'
[0.229s] Level 5:colcon.colcon_core.verb:set package 'phasespace_client' build argument 'ament_cmake_args' from command line to 'None'
[0.229s] Level 5:colcon.colcon_core.verb:set package 'phasespace_client' build argument 'catkin_cmake_args' from command line to 'None'
[0.229s] Level 5:colcon.colcon_core.verb:set package 'phasespace_client' build argument 'catkin_skip_building_tests' from command line to 'False'
[0.229s] DEBUG:colcon.colcon_core.verb:Building package 'phasespace_client' with the following arguments: {'ament_cmake_args': None, 'build_base': '/home/kevin/crazyflie_phasespace/build/phasespace_client', 'catkin_cmake_args': None, 'catkin_skip_building_tests': False, 'cmake_args': None, 'cmake_clean_cache': False, 'cmake_clean_first': False, 'cmake_force_configure': False, 'cmake_target': None, 'cmake_target_skip_unavailable': False, 'install_base': '/home/kevin/crazyflie_phasespace/install/phasespace_client', 'merge_install': False, 'path': '/home/kevin/crazyflie_phasespace/src/phasespace_ros_node-main 2/phasespace_ros_node-main/phasespace_client', 'symlink_install': False, 'test_result_base': None}
[0.229s] INFO:colcon.colcon_core.executor:Executing jobs using 'parallel' executor
[0.230s] DEBUG:colcon.colcon_parallel_executor.executor.parallel:run_until_complete
[0.230s] INFO:colcon.colcon_ros.task.ament_cmake.build:Building ROS package in '/home/kevin/crazyflie_phasespace/src/phasespace_ros_node-main 2/phasespace_ros_node-main/phasespace_msgs' with build type 'ament_cmake'
[0.230s] INFO:colcon.colcon_cmake.task.cmake.build:Building CMake package in '/home/kevin/crazyflie_phasespace/src/phasespace_ros_node-main 2/phasespace_ros_node-main/phasespace_msgs'
[0.231s] INFO:colcon.colcon_core.plugin_system:Skipping extension 'colcon_core.shell.bat': Not used on non-Windows systems
[0.231s] INFO:colcon.colcon_core.shell:Skip shell extension 'powershell' for command environment: Not usable outside of PowerShell
[0.231s] DEBUG:colcon.colcon_core.shell:Skip shell extension 'dsv' for command environment
[0.233s] INFO:colcon.colcon_ros.task.catkin.build:Building ROS package in '/home/kevin/crazyflie_phasespace/src/bayes_opt_ros2' with build type 'catkin'
[0.233s] INFO:colcon.colcon_cmake.task.cmake.build:Building CMake package in '/home/kevin/crazyflie_phasespace/src/bayes_opt_ros2'
[0.233s] INFO:colcon.colcon_core.shell:Skip shell extension 'powershell' for command environment: Not usable outside of PowerShell
[0.233s] DEBUG:colcon.colcon_core.shell:Skip shell extension 'dsv' for command environment
[0.238s] DEBUG:colcon.colcon_core.event_handler.log_command:Invoking command in '/home/kevin/crazyflie_phasespace/build/phasespace_msgs': CMAKE_PREFIX_PATH=/opt/ros/humble /usr/bin/cmake /home/kevin/crazyflie_phasespace/src/phasespace_ros_node-main 2/phasespace_ros_node-main/phasespace_msgs -DCMAKE_INSTALL_PREFIX=/home/kevin/crazyflie_phasespace/install/phasespace_msgs
[0.240s] DEBUG:colcon.colcon_core.event_handler.log_command:Invoking command in '/home/kevin/crazyflie_phasespace/build/bayes_opt_ros2': /usr/bin/cmake /home/kevin/crazyflie_phasespace/src/bayes_opt_ros2 -DCATKIN_INSTALL_INTO_PREFIX_ROOT=0 -DCMAKE_INSTALL_PREFIX=/home/kevin/crazyflie_phasespace/install/bayes_opt_ros2
[0.820s] DEBUG:colcon.colcon_core.event_handler.log_command:Invoked command in '/home/kevin/crazyflie_phasespace/build/bayes_opt_ros2' returned '0': /usr/bin/cmake /home/kevin/crazyflie_phasespace/src/bayes_opt_ros2 -DCATKIN_INSTALL_INTO_PREFIX_ROOT=0 -DCMAKE_INSTALL_PREFIX=/home/kevin/crazyflie_phasespace/install/bayes_opt_ros2
[0.820s] DEBUG:colcon.colcon_core.event_handler.log_command:Invoking command in '/home/kevin/crazyflie_phasespace/build/bayes_opt_ros2': /usr/bin/cmake --build /home/kevin/crazyflie_phasespace/build/bayes_opt_ros2 -- -j8 -l8
[0.851s] DEBUG:colcon.colcon_core.event_handler.log_command:Invoked command in '/home/kevin/crazyflie_phasespace/build/bayes_opt_ros2' returned '0': /usr/bin/cmake --build /home/kevin/crazyflie_phasespace/build/bayes_opt_ros2 -- -j8 -l8
[0.859s] DEBUG:colcon.colcon_core.event_handler.log_command:Invoking command in '/home/kevin/crazyflie_phasespace/build/bayes_opt_ros2': /usr/bin/cmake --install /home/kevin/crazyflie_phasespace/build/bayes_opt_ros2
[0.869s] DEBUG:colcon.colcon_core.event_handler.log_command:Invoked command in '/home/kevin/crazyflie_phasespace/build/bayes_opt_ros2' returned '0': /usr/bin/cmake --install /home/kevin/crazyflie_phasespace/build/bayes_opt_ros2
[0.869s] Level 1:colcon.colcon_core.shell:create_environment_hook('bayes_opt_ros2', 'ros_package_path')
[0.869s] INFO:colcon.colcon_core.shell:Creating environment hook '/home/kevin/crazyflie_phasespace/install/bayes_opt_ros2/share/bayes_opt_ros2/hook/ros_package_path.ps1'
[0.870s] INFO:colcon.colcon_core.shell:Creating environment descriptor '/home/kevin/crazyflie_phasespace/install/bayes_opt_ros2/share/bayes_opt_ros2/hook/ros_package_path.dsv'
[0.870s] INFO:colcon.colcon_core.shell:Creating environment hook '/home/kevin/crazyflie_phasespace/install/bayes_opt_ros2/share/bayes_opt_ros2/hook/ros_package_path.sh'
[0.870s] Level 1:colcon.colcon_core.shell:create_environment_hook('bayes_opt_ros2', 'pkg_config_path')
[0.871s] INFO:colcon.colcon_core.shell:Creating environment hook '/home/kevin/crazyflie_phasespace/install/bayes_opt_ros2/share/bayes_opt_ros2/hook/pkg_config_path.ps1'
[0.871s] INFO:colcon.colcon_core.shell:Creating environment descriptor '/home/kevin/crazyflie_phasespace/install/bayes_opt_ros2/share/bayes_opt_ros2/hook/pkg_config_path.dsv'
[0.871s] INFO:colcon.colcon_core.shell:Creating environment hook '/home/kevin/crazyflie_phasespace/install/bayes_opt_ros2/share/bayes_opt_ros2/hook/pkg_config_path.sh'
[0.873s] Level 1:colcon.colcon_core.shell:create_environment_hook('bayes_opt_ros2', 'pkg_config_path_multiarch')
[0.873s] INFO:colcon.colcon_core.shell:Creating environment hook '/home/kevin/crazyflie_phasespace/install/bayes_opt_ros2/share/bayes_opt_ros2/hook/pkg_config_path_multiarch.ps1'
[0.874s] INFO:colcon.colcon_core.shell:Creating environment descriptor '/home/kevin/crazyflie_phasespace/install/bayes_opt_ros2/share/bayes_opt_ros2/hook/pkg_config_path_multiarch.dsv'
[0.874s] INFO:colcon.colcon_core.shell:Creating environment hook '/home/kevin/crazyflie_phasespace/install/bayes_opt_ros2/share/bayes_opt_ros2/hook/pkg_config_path_multiarch.sh'
[0.874s] Level 1:colcon.colcon_core.environment:create_environment_scripts_only(bayes_opt_ros2)
[0.876s] Level 1:colcon.colcon_core.environment:checking '/home/kevin/crazyflie_phasespace/install/bayes_opt_ros2' for CMake module files
[0.876s] Level 1:colcon.colcon_core.environment:checking '/home/kevin/crazyflie_phasespace/install/bayes_opt_ros2' for CMake config files
[0.876s] Level 1:colcon.colcon_core.shell:create_environment_hook('bayes_opt_ros2', 'cmake_prefix_path')
[0.876s] INFO:colcon.colcon_core.shell:Creating environment hook '/home/kevin/crazyflie_phasespace/install/bayes_opt_ros2/share/bayes_opt_ros2/hook/cmake_prefix_path.ps1'
[0.877s] INFO:colcon.colcon_core.shell:Creating environment descriptor '/home/kevin/crazyflie_phasespace/install/bayes_opt_ros2/share/bayes_opt_ros2/hook/cmake_prefix_path.dsv'
[0.877s] INFO:colcon.colcon_core.shell:Creating environment hook '/home/kevin/crazyflie_phasespace/install/bayes_opt_ros2/share/bayes_opt_ros2/hook/cmake_prefix_path.sh'
[0.877s] Level 1:colcon.colcon_core.environment:checking '/home/kevin/crazyflie_phasespace/install/bayes_opt_ros2/lib'
[0.877s] Level 1:colcon.colcon_core.environment:checking '/home/kevin/crazyflie_phasespace/install/bayes_opt_ros2/bin'
[0.877s] Level 1:colcon.colcon_core.environment:checking '/home/kevin/crazyflie_phasespace/install/bayes_opt_ros2/lib/pkgconfig/bayes_opt_ros2.pc'
[0.877s] Level 1:colcon.colcon_core.environment:checking '/home/kevin/crazyflie_phasespace/install/bayes_opt_ros2/lib/python3.10/site-packages'
[0.878s] Level 1:colcon.colcon_core.environment:checking '/home/kevin/crazyflie_phasespace/install/bayes_opt_ros2/bin'
[0.878s] INFO:colcon.colcon_core.shell:Creating package script '/home/kevin/crazyflie_phasespace/install/bayes_opt_ros2/share/bayes_opt_ros2/package.ps1'
[0.878s] INFO:colcon.colcon_core.shell:Creating package descriptor '/home/kevin/crazyflie_phasespace/install/bayes_opt_ros2/share/bayes_opt_ros2/package.dsv'
[0.879s] INFO:colcon.colcon_core.shell:Creating package script '/home/kevin/crazyflie_phasespace/install/bayes_opt_ros2/share/bayes_opt_ros2/package.sh'
[0.880s] INFO:colcon.colcon_core.shell:Creating package script '/home/kevin/crazyflie_phasespace/install/bayes_opt_ros2/share/bayes_opt_ros2/package.bash'
[0.881s] INFO:colcon.colcon_core.shell:Creating package script '/home/kevin/crazyflie_phasespace/install/bayes_opt_ros2/share/bayes_opt_ros2/package.zsh'
[0.881s] Level 1:colcon.colcon_core.environment:create_file_with_runtime_dependencies(/home/kevin/crazyflie_phasespace/install/bayes_opt_ros2/share/colcon-core/packages/bayes_opt_ros2)
[1.509s] DEBUG:colcon.colcon_core.event_handler.log_command:Invoked command in '/home/kevin/crazyflie_phasespace/build/phasespace_msgs' returned '0': CMAKE_PREFIX_PATH=/opt/ros/humble /usr/bin/cmake /home/kevin/crazyflie_phasespace/src/phasespace_ros_node-main 2/phasespace_ros_node-main/phasespace_msgs -DCMAKE_INSTALL_PREFIX=/home/kevin/crazyflie_phasespace/install/phasespace_msgs
[1.510s] DEBUG:colcon.colcon_core.event_handler.log_command:Invoking command in '/home/kevin/crazyflie_phasespace/build/phasespace_msgs': CMAKE_PREFIX_PATH=/opt/ros/humble /usr/bin/cmake --build /home/kevin/crazyflie_phasespace/build/phasespace_msgs -- -j8 -l8
[5.056s] DEBUG:colcon.colcon_core.event_handler.log_command:Invoked command in '/home/kevin/crazyflie_phasespace/build/phasespace_msgs' returned '0': CMAKE_PREFIX_PATH=/opt/ros/humble /usr/bin/cmake --build /home/kevin/crazyflie_phasespace/build/phasespace_msgs -- -j8 -l8
[5.057s] DEBUG:colcon.colcon_core.event_handler.log_command:Invoking command in '/home/kevin/crazyflie_phasespace/build/phasespace_msgs': CMAKE_PREFIX_PATH=/opt/ros/humble /usr/bin/cmake --install /home/kevin/crazyflie_phasespace/build/phasespace_msgs
[5.110s] Level 1:colcon.colcon_core.environment:create_environment_scripts_only(phasespace_msgs)
[5.110s] Level 1:colcon.colcon_core.environment:checking '/home/kevin/crazyflie_phasespace/install/phasespace_msgs' for CMake module files
[5.111s] DEBUG:colcon.colcon_core.event_handler.log_command:Invoked command in '/home/kevin/crazyflie_phasespace/build/phasespace_msgs' returned '0': CMAKE_PREFIX_PATH=/opt/ros/humble /usr/bin/cmake --install /home/kevin/crazyflie_phasespace/build/phasespace_msgs
[5.111s] Level 1:colcon.colcon_core.environment:checking '/home/kevin/crazyflie_phasespace/install/phasespace_msgs' for CMake config files
[5.111s] Level 1:colcon.colcon_core.shell:create_environment_hook('phasespace_msgs', 'cmake_prefix_path')
[5.111s] INFO:colcon.colcon_core.shell:Creating environment hook '/home/kevin/crazyflie_phasespace/install/phasespace_msgs/share/phasespace_msgs/hook/cmake_prefix_path.ps1'
[5.112s] INFO:colcon.colcon_core.shell:Creating environment descriptor '/home/kevin/crazyflie_phasespace/install/phasespace_msgs/share/phasespace_msgs/hook/cmake_prefix_path.dsv'
[5.112s] INFO:colcon.colcon_core.shell:Creating environment hook '/home/kevin/crazyflie_phasespace/install/phasespace_msgs/share/phasespace_msgs/hook/cmake_prefix_path.sh'
[5.112s] Level 1:colcon.colcon_core.environment:checking '/home/kevin/crazyflie_phasespace/install/phasespace_msgs/lib'
[5.112s] Level 1:colcon.colcon_core.shell:create_environment_hook('phasespace_msgs', 'ld_library_path_lib')
[5.112s] INFO:colcon.colcon_core.shell:Creating environment hook '/home/kevin/crazyflie_phasespace/install/phasespace_msgs/share/phasespace_msgs/hook/ld_library_path_lib.ps1'
[5.113s] INFO:colcon.colcon_core.shell:Creating environment descriptor '/home/kevin/crazyflie_phasespace/install/phasespace_msgs/share/phasespace_msgs/hook/ld_library_path_lib.dsv'
[5.113s] INFO:colcon.colcon_core.shell:Creating environment hook '/home/kevin/crazyflie_phasespace/install/phasespace_msgs/share/phasespace_msgs/hook/ld_library_path_lib.sh'
[5.113s] Level 1:colcon.colcon_core.environment:checking '/home/kevin/crazyflie_phasespace/install/phasespace_msgs/bin'
[5.113s] Level 1:colcon.colcon_core.environment:checking '/home/kevin/crazyflie_phasespace/install/phasespace_msgs/lib/pkgconfig/phasespace_msgs.pc'
[5.113s] Level 1:colcon.colcon_core.environment:checking '/home/kevin/crazyflie_phasespace/install/phasespace_msgs/lib/python3.10/site-packages'
[5.113s] Level 1:colcon.colcon_core.environment:checking '/home/kevin/crazyflie_phasespace/install/phasespace_msgs/bin'
[5.114s] INFO:colcon.colcon_core.shell:Creating package script '/home/kevin/crazyflie_phasespace/install/phasespace_msgs/share/phasespace_msgs/package.ps1'
[5.114s] INFO:colcon.colcon_core.shell:Creating package descriptor '/home/kevin/crazyflie_phasespace/install/phasespace_msgs/share/phasespace_msgs/package.dsv'
[5.114s] INFO:colcon.colcon_core.shell:Creating package script '/home/kevin/crazyflie_phasespace/install/phasespace_msgs/share/phasespace_msgs/package.sh'
[5.114s] INFO:colcon.colcon_core.shell:Creating package script '/home/kevin/crazyflie_phasespace/install/phasespace_msgs/share/phasespace_msgs/package.bash'
[5.114s] INFO:colcon.colcon_core.shell:Creating package script '/home/kevin/crazyflie_phasespace/install/phasespace_msgs/share/phasespace_msgs/package.zsh'
[5.115s] Level 1:colcon.colcon_core.environment:create_file_with_runtime_dependencies(/home/kevin/crazyflie_phasespace/install/phasespace_msgs/share/colcon-core/packages/phasespace_msgs)
[5.115s] Level 1:colcon.colcon_core.environment:create_environment_scripts_only(phasespace_msgs)
[5.115s] Level 1:colcon.colcon_core.environment:checking '/home/kevin/crazyflie_phasespace/install/phasespace_msgs' for CMake module files
[5.116s] Level 1:colcon.colcon_core.environment:checking '/home/kevin/crazyflie_phasespace/install/phasespace_msgs' for CMake config files
[5.116s] Level 1:colcon.colcon_core.shell:create_environment_hook('phasespace_msgs', 'cmake_prefix_path')
[5.116s] INFO:colcon.colcon_core.shell:Creating environment hook '/home/kevin/crazyflie_phasespace/install/phasespace_msgs/share/phasespace_msgs/hook/cmake_prefix_path.ps1'
[5.116s] INFO:colcon.colcon_core.shell:Creating environment descriptor '/home/kevin/crazyflie_phasespace/install/phasespace_msgs/share/phasespace_msgs/hook/cmake_prefix_path.dsv'
[5.116s] INFO:colcon.colcon_core.shell:Creating environment hook '/home/kevin/crazyflie_phasespace/install/phasespace_msgs/share/phasespace_msgs/hook/cmake_prefix_path.sh'
[5.117s] Level 1:colcon.colcon_core.environment:checking '/home/kevin/crazyflie_phasespace/install/phasespace_msgs/lib'
[5.117s] Level 1:colcon.colcon_core.shell:create_environment_hook('phasespace_msgs', 'ld_library_path_lib')
[5.117s] INFO:colcon.colcon_core.shell:Creating environment hook '/home/kevin/crazyflie_phasespace/install/phasespace_msgs/share/phasespace_msgs/hook/ld_library_path_lib.ps1'
[5.117s] INFO:colcon.colcon_core.shell:Creating environment descriptor '/home/kevin/crazyflie_phasespace/install/phasespace_msgs/share/phasespace_msgs/hook/ld_library_path_lib.dsv'
[5.117s] INFO:colcon.colcon_core.shell:Creating environment hook '/home/kevin/crazyflie_phasespace/install/phasespace_msgs/share/phasespace_msgs/hook/ld_library_path_lib.sh'
[5.117s] Level 1:colcon.colcon_core.environment:checking '/home/kevin/crazyflie_phasespace/install/phasespace_msgs/bin'
[5.117s] Level 1:colcon.colcon_core.environment:checking '/home/kevin/crazyflie_phasespace/install/phasespace_msgs/lib/pkgconfig/phasespace_msgs.pc'
[5.118s] Level 1:colcon.colcon_core.environment:checking '/home/kevin/crazyflie_phasespace/install/phasespace_msgs/lib/python3.10/site-packages'
[5.118s] Level 1:colcon.colcon_core.environment:checking '/home/kevin/crazyflie_phasespace/install/phasespace_msgs/bin'
[5.118s] INFO:colcon.colcon_core.shell:Creating package script '/home/kevin/crazyflie_phasespace/install/phasespace_msgs/share/phasespace_msgs/package.ps1'
[5.118s] INFO:colcon.colcon_core.shell:Creating package descriptor '/home/kevin/crazyflie_phasespace/install/phasespace_msgs/share/phasespace_msgs/package.dsv'
[5.118s] INFO:colcon.colcon_core.shell:Creating package script '/home/kevin/crazyflie_phasespace/install/phasespace_msgs/share/phasespace_msgs/package.sh'
[5.119s] INFO:colcon.colcon_core.shell:Creating package script '/home/kevin/crazyflie_phasespace/install/phasespace_msgs/share/phasespace_msgs/package.bash'
[5.119s] INFO:colcon.colcon_core.shell:Creating package script '/home/kevin/crazyflie_phasespace/install/phasespace_msgs/share/phasespace_msgs/package.zsh'
[5.119s] Level 1:colcon.colcon_core.environment:create_file_with_runtime_dependencies(/home/kevin/crazyflie_phasespace/install/phasespace_msgs/share/colcon-core/packages/phasespace_msgs)
[5.119s] INFO:colcon.colcon_ros.task.ament_cmake.build:Building ROS package in '/home/kevin/crazyflie_phasespace/src/phasespace_ros_node-main 2/phasespace_ros_node-main/phasespace_client' with build type 'ament_cmake'
[5.119s] INFO:colcon.colcon_cmake.task.cmake.build:Building CMake package in '/home/kevin/crazyflie_phasespace/src/phasespace_ros_node-main 2/phasespace_ros_node-main/phasespace_client'
[5.119s] INFO:colcon.colcon_core.shell:Skip shell extension 'powershell' for command environment: Not usable outside of PowerShell
[5.119s] DEBUG:colcon.colcon_core.shell:Skip shell extension 'dsv' for command environment
[5.128s] DEBUG:colcon.colcon_core.event_handler.log_command:Invoking command in '/home/kevin/crazyflie_phasespace/build/phasespace_client': AMENT_PREFIX_PATH=/home/kevin/crazyflie_phasespace/install/phasespace_msgs:${AMENT_PREFIX_PATH} CMAKE_PREFIX_PATH=/home/kevin/crazyflie_phasespace/install/phasespace_msgs:/opt/ros/humble LD_LIBRARY_PATH=/home/kevin/crazyflie_phasespace/install/phasespace_msgs/lib:${LD_LIBRARY_PATH} PYTHONPATH=/home/kevin/crazyflie_phasespace/install/phasespace_msgs/local/lib/python3.10/dist-packages:${PYTHONPATH} /usr/bin/cmake /home/kevin/crazyflie_phasespace/src/phasespace_ros_node-main 2/phasespace_ros_node-main/phasespace_client -DCMAKE_INSTALL_PREFIX=/home/kevin/crazyflie_phasespace/install/phasespace_client
[6.110s] DEBUG:colcon.colcon_core.event_handler.log_command:Invoked command in '/home/kevin/crazyflie_phasespace/build/phasespace_client' returned '0': AMENT_PREFIX_PATH=/home/kevin/crazyflie_phasespace/install/phasespace_msgs:${AMENT_PREFIX_PATH} CMAKE_PREFIX_PATH=/home/kevin/crazyflie_phasespace/install/phasespace_msgs:/opt/ros/humble LD_LIBRARY_PATH=/home/kevin/crazyflie_phasespace/install/phasespace_msgs/lib:${LD_LIBRARY_PATH} PYTHONPATH=/home/kevin/crazyflie_phasespace/install/phasespace_msgs/local/lib/python3.10/dist-packages:${PYTHONPATH} /usr/bin/cmake /home/kevin/crazyflie_phasespace/src/phasespace_ros_node-main 2/phasespace_ros_node-main/phasespace_client -DCMAKE_INSTALL_PREFIX=/home/kevin/crazyflie_phasespace/install/phasespace_client
[6.111s] DEBUG:colcon.colcon_core.event_handler.log_command:Invoking command in '/home/kevin/crazyflie_phasespace/build/phasespace_client': AMENT_PREFIX_PATH=/home/kevin/crazyflie_phasespace/install/phasespace_msgs:${AMENT_PREFIX_PATH} CMAKE_PREFIX_PATH=/home/kevin/crazyflie_phasespace/install/phasespace_msgs:/opt/ros/humble LD_LIBRARY_PATH=/home/kevin/crazyflie_phasespace/install/phasespace_msgs/lib:${LD_LIBRARY_PATH} PYTHONPATH=/home/kevin/crazyflie_phasespace/install/phasespace_msgs/local/lib/python3.10/dist-packages:${PYTHONPATH} /usr/bin/cmake --build /home/kevin/crazyflie_phasespace/build/phasespace_client -- -j8 -l8
[22.521s] DEBUG:colcon.colcon_core.event_handler.log_command:Invoked command in '/home/kevin/crazyflie_phasespace/build/phasespace_client' returned '0': AMENT_PREFIX_PATH=/home/kevin/crazyflie_phasespace/install/phasespace_msgs:${AMENT_PREFIX_PATH} CMAKE_PREFIX_PATH=/home/kevin/crazyflie_phasespace/install/phasespace_msgs:/opt/ros/humble LD_LIBRARY_PATH=/home/kevin/crazyflie_phasespace/install/phasespace_msgs/lib:${LD_LIBRARY_PATH} PYTHONPATH=/home/kevin/crazyflie_phasespace/install/phasespace_msgs/local/lib/python3.10/dist-packages:${PYTHONPATH} /usr/bin/cmake --build /home/kevin/crazyflie_phasespace/build/phasespace_client -- -j8 -l8
[22.522s] DEBUG:colcon.colcon_core.event_handler.log_command:Invoking command in '/home/kevin/crazyflie_phasespace/build/phasespace_client': AMENT_PREFIX_PATH=/home/kevin/crazyflie_phasespace/install/phasespace_msgs:${AMENT_PREFIX_PATH} CMAKE_PREFIX_PATH=/home/kevin/crazyflie_phasespace/install/phasespace_msgs:/opt/ros/humble LD_LIBRARY_PATH=/home/kevin/crazyflie_phasespace/install/phasespace_msgs/lib:${LD_LIBRARY_PATH} PYTHONPATH=/home/kevin/crazyflie_phasespace/install/phasespace_msgs/local/lib/python3.10/dist-packages:${PYTHONPATH} /usr/bin/cmake --install /home/kevin/crazyflie_phasespace/build/phasespace_client
[22.531s] Level 1:colcon.colcon_core.environment:create_environment_scripts_only(phasespace_client)
[22.532s] Level 1:colcon.colcon_core.environment:checking '/home/kevin/crazyflie_phasespace/install/phasespace_client' for CMake module files
[22.532s] DEBUG:colcon.colcon_core.event_handler.log_command:Invoked command in '/home/kevin/crazyflie_phasespace/build/phasespace_client' returned '0': AMENT_PREFIX_PATH=/home/kevin/crazyflie_phasespace/install/phasespace_msgs:${AMENT_PREFIX_PATH} CMAKE_PREFIX_PATH=/home/kevin/crazyflie_phasespace/install/phasespace_msgs:/opt/ros/humble LD_LIBRARY_PATH=/home/kevin/crazyflie_phasespace/install/phasespace_msgs/lib:${LD_LIBRARY_PATH} PYTHONPATH=/home/kevin/crazyflie_phasespace/install/phasespace_msgs/local/lib/python3.10/dist-packages:${PYTHONPATH} /usr/bin/cmake --install /home/kevin/crazyflie_phasespace/build/phasespace_client
[22.532s] Level 1:colcon.colcon_core.environment:checking '/home/kevin/crazyflie_phasespace/install/phasespace_client' for CMake config files
[22.532s] Level 1:colcon.colcon_core.shell:create_environment_hook('phasespace_client', 'cmake_prefix_path')
[22.532s] INFO:colcon.colcon_core.shell:Creating environment hook '/home/kevin/crazyflie_phasespace/install/phasespace_client/share/phasespace_client/hook/cmake_prefix_path.ps1'
[22.533s] INFO:colcon.colcon_core.shell:Creating environment descriptor '/home/kevin/crazyflie_phasespace/install/phasespace_client/share/phasespace_client/hook/cmake_prefix_path.dsv'
[22.533s] INFO:colcon.colcon_core.shell:Creating environment hook '/home/kevin/crazyflie_phasespace/install/phasespace_client/share/phasespace_client/hook/cmake_prefix_path.sh'
[22.533s] Level 1:colcon.colcon_core.environment:checking '/home/kevin/crazyflie_phasespace/install/phasespace_client/lib'
[22.533s] Level 1:colcon.colcon_core.environment:checking '/home/kevin/crazyflie_phasespace/install/phasespace_client/bin'
[22.533s] Level 1:colcon.colcon_core.environment:checking '/home/kevin/crazyflie_phasespace/install/phasespace_client/lib/pkgconfig/phasespace_client.pc'
[22.533s] Level 1:colcon.colcon_core.environment:checking '/home/kevin/crazyflie_phasespace/install/phasespace_client/lib/python3.10/site-packages'
[22.534s] Level 1:colcon.colcon_core.environment:checking '/home/kevin/crazyflie_phasespace/install/phasespace_client/bin'
[22.534s] INFO:colcon.colcon_core.shell:Creating package script '/home/kevin/crazyflie_phasespace/install/phasespace_client/share/phasespace_client/package.ps1'
[22.534s] INFO:colcon.colcon_core.shell:Creating package descriptor '/home/kevin/crazyflie_phasespace/install/phasespace_client/share/phasespace_client/package.dsv'
[22.534s] INFO:colcon.colcon_core.shell:Creating package script '/home/kevin/crazyflie_phasespace/install/phasespace_client/share/phasespace_client/package.sh'
[22.534s] INFO:colcon.colcon_core.shell:Creating package script '/home/kevin/crazyflie_phasespace/install/phasespace_client/share/phasespace_client/package.bash'
[22.535s] INFO:colcon.colcon_core.shell:Creating package script '/home/kevin/crazyflie_phasespace/install/phasespace_client/share/phasespace_client/package.zsh'
[22.535s] Level 1:colcon.colcon_core.environment:create_file_with_runtime_dependencies(/home/kevin/crazyflie_phasespace/install/phasespace_client/share/colcon-core/packages/phasespace_client)
[22.535s] Level 1:colcon.colcon_core.environment:create_environment_scripts_only(phasespace_client)
[22.535s] Level 1:colcon.colcon_core.environment:checking '/home/kevin/crazyflie_phasespace/install/phasespace_client' for CMake module files
[22.536s] Level 1:colcon.colcon_core.environment:checking '/home/kevin/crazyflie_phasespace/install/phasespace_client' for CMake config files
[22.536s] Level 1:colcon.colcon_core.shell:create_environment_hook('phasespace_client', 'cmake_prefix_path')
[22.536s] INFO:colcon.colcon_core.shell:Creating environment hook '/home/kevin/crazyflie_phasespace/install/phasespace_client/share/phasespace_client/hook/cmake_prefix_path.ps1'
[22.536s] INFO:colcon.colcon_core.shell:Creating environment descriptor '/home/kevin/crazyflie_phasespace/install/phasespace_client/share/phasespace_client/hook/cmake_prefix_path.dsv'
[22.536s] INFO:colcon.colcon_core.shell:Creating environment hook '/home/kevin/crazyflie_phasespace/install/phasespace_client/share/phasespace_client/hook/cmake_prefix_path.sh'
[22.537s] Level 1:colcon.colcon_core.environment:checking '/home/kevin/crazyflie_phasespace/install/phasespace_client/lib'
[22.537s] Level 1:colcon.colcon_core.environment:checking '/home/kevin/crazyflie_phasespace/install/phasespace_client/bin'
[22.537s] Level 1:colcon.colcon_core.environment:checking '/home/kevin/crazyflie_phasespace/install/phasespace_client/lib/pkgconfig/phasespace_client.pc'
[22.537s] Level 1:colcon.colcon_core.environment:checking '/home/kevin/crazyflie_phasespace/install/phasespace_client/lib/python3.10/site-packages'
[22.537s] Level 1:colcon.colcon_core.environment:checking '/home/kevin/crazyflie_phasespace/install/phasespace_client/bin'
[22.537s] INFO:colcon.colcon_core.shell:Creating package script '/home/kevin/crazyflie_phasespace/install/phasespace_client/share/phasespace_client/package.ps1'
[22.537s] INFO:colcon.colcon_core.shell:Creating package descriptor '/home/kevin/crazyflie_phasespace/install/phasespace_client/share/phasespace_client/package.dsv'
[22.538s] INFO:colcon.colcon_core.shell:Creating package script '/home/kevin/crazyflie_phasespace/install/phasespace_client/share/phasespace_client/package.sh'
[22.538s] INFO:colcon.colcon_core.shell:Creating package script '/home/kevin/crazyflie_phasespace/install/phasespace_client/share/phasespace_client/package.bash'
[22.538s] INFO:colcon.colcon_core.shell:Creating package script '/home/kevin/crazyflie_phasespace/install/phasespace_client/share/phasespace_client/package.zsh'
[22.538s] Level 1:colcon.colcon_core.environment:create_file_with_runtime_dependencies(/home/kevin/crazyflie_phasespace/install/phasespace_client/share/colcon-core/packages/phasespace_client)
[22.539s] DEBUG:colcon.colcon_parallel_executor.executor.parallel:closing loop
[22.539s] DEBUG:colcon.colcon_parallel_executor.executor.parallel:loop closed
[22.539s] DEBUG:colcon.colcon_parallel_executor.executor.parallel:run_until_complete finished with '0'
[22.539s] DEBUG:colcon.colcon_core.event_reactor:joining thread
[22.542s] INFO:colcon.colcon_core.plugin_system:Skipping extension 'colcon_notification.desktop_notification.terminal_notifier': Not used on non-Darwin systems
[22.542s] INFO:colcon.colcon_core.plugin_system:Skipping extension 'colcon_notification.desktop_notification.win32': Not used on non-Windows systems
[22.542s] INFO:colcon.colcon_notification.desktop_notification:Sending desktop notification using 'notify2'
[22.550s] DEBUG:colcon.colcon_core.event_reactor:joined thread
[22.550s] INFO:colcon.colcon_core.shell:Creating prefix script '/home/kevin/crazyflie_phasespace/install/local_setup.ps1'
[22.551s] INFO:colcon.colcon_core.shell:Creating prefix util module '/home/kevin/crazyflie_phasespace/install/_local_setup_util_ps1.py'
[22.552s] INFO:colcon.colcon_core.shell:Creating prefix chain script '/home/kevin/crazyflie_phasespace/install/setup.ps1'
[22.553s] INFO:colcon.colcon_core.shell:Creating prefix script '/home/kevin/crazyflie_phasespace/install/local_setup.sh'
[22.553s] INFO:colcon.colcon_core.shell:Creating prefix util module '/home/kevin/crazyflie_phasespace/install/_local_setup_util_sh.py'
[22.553s] INFO:colcon.colcon_core.shell:Creating prefix chain script '/home/kevin/crazyflie_phasespace/install/setup.sh'
[22.554s] INFO:colcon.colcon_core.shell:Creating prefix script '/home/kevin/crazyflie_phasespace/install/local_setup.bash'
[22.554s] INFO:colcon.colcon_core.shell:Creating prefix chain script '/home/kevin/crazyflie_phasespace/install/setup.bash'
[22.555s] INFO:colcon.colcon_core.shell:Creating prefix script '/home/kevin/crazyflie_phasespace/install/local_setup.zsh'
[22.555s] INFO:colcon.colcon_core.shell:Creating prefix chain script '/home/kevin/crazyflie_phasespace/install/setup.zsh'
