[0.072s] DEBUG:colcon:Command line arguments: ['/usr/bin/colcon', 'build']
[0.072s] DEBUG:colcon:Parsed command line arguments: Namespace(log_base=None, log_level=None, verb_name='build', build_base='build', install_base='install', merge_install=False, symlink_install=False, test_result_base=None, continue_on_error=False, executor='parallel', parallel_workers=8, event_handlers=None, ignore_user_meta=False, metas=['./colcon.meta'], base_paths=['.'], packages_ignore=None, packages_ignore_regex=None, paths=None, packages_up_to=None, packages_up_to_regex=None, packages_above=None, packages_above_and_dependencies=None, packages_above_depth=None, packages_select_by_dep=None, packages_skip_by_dep=None, packages_skip_up_to=None, packages_select_build_failed=False, packages_skip_build_finished=False, packages_select_test_failures=False, packages_skip_test_passed=False, packages_select=None, packages_skip=None, packages_select_regex=None, packages_skip_regex=None, packages_start=None, packages_end=None, allow_overriding=[], cmake_args=None, cmake_target=None, cmake_target_skip_unavailable=False, cmake_clean_cache=False, cmake_clean_first=False, cmake_force_configure=False, ament_cmake_args=None, catkin_cmake_args=None, catkin_skip_building_tests=False, mixin_files=None, mixin=None, verb_parser=<colcon_mixin.mixin.mixin_argument.MixinArgumentDecorator object at 0x775c27d5ea40>, verb_extension=<colcon_core.verb.build.BuildVerb object at 0x775c27d5e470>, main=<bound method BuildVerb.main of <colcon_core.verb.build.BuildVerb object at 0x775c27d5e470>>, mixin_verb=('build',))
[0.188s] Level 1:colcon.colcon_core.package_discovery:discover_packages(colcon_meta) check parameters
[0.189s] Level 1:colcon.colcon_core.package_discovery:discover_packages(recursive) check parameters
[0.189s] Level 1:colcon.colcon_core.package_discovery:discover_packages(ignore) check parameters
[0.189s] Level 1:colcon.colcon_core.package_discovery:discover_packages(path) check parameters
[0.189s] Level 1:colcon.colcon_core.package_discovery:discover_packages(colcon_meta) discover
[0.189s] Level 1:colcon.colcon_core.package_discovery:discover_packages(recursive) discover
[0.189s] INFO:colcon.colcon_core.package_discovery:Crawling recursively for packages in '/home/kevin/crazyflie_phasespace'
[0.189s] Level 1:colcon.colcon_core.package_identification:_identify(.) by extensions ['ignore', 'ignore_ament_install']
[0.189s] Level 1:colcon.colcon_core.package_identification:_identify(.) by extension 'ignore'
[0.189s] Level 1:colcon.colcon_core.package_identification:_identify(.) by extension 'ignore_ament_install'
[0.189s] Level 1:colcon.colcon_core.package_identification:_identify(.) by extensions ['colcon_pkg']
[0.189s] Level 1:colcon.colcon_core.package_identification:_identify(.) by extension 'colcon_pkg'
[0.189s] Level 1:colcon.colcon_core.package_identification:_identify(.) by extensions ['colcon_meta']
[0.189s] Level 1:colcon.colcon_core.package_identification:_identify(.) by extension 'colcon_meta'
[0.189s] Level 1:colcon.colcon_core.package_identification:_identify(.) by extensions ['ros']
[0.189s] Level 1:colcon.colcon_core.package_identification:_identify(.) by extension 'ros'
[0.196s] Level 1:colcon.colcon_core.package_identification:_identify(.) by extensions ['cmake', 'python']
[0.196s] Level 1:colcon.colcon_core.package_identification:_identify(.) by extension 'cmake'
[0.196s] Level 1:colcon.colcon_core.package_identification:_identify(.) by extension 'python'
[0.196s] Level 1:colcon.colcon_core.package_identification:_identify(.) by extensions ['python_setup_py']
[0.196s] Level 1:colcon.colcon_core.package_identification:_identify(.) by extension 'python_setup_py'
[0.196s] Level 1:colcon.colcon_core.package_identification:_identify(build) by extensions ['ignore', 'ignore_ament_install']
[0.197s] Level 1:colcon.colcon_core.package_identification:_identify(build) by extension 'ignore'
[0.197s] Level 1:colcon.colcon_core.package_identification:_identify(build) ignored
[0.197s] Level 1:colcon.colcon_core.package_identification:_identify(install) by extensions ['ignore', 'ignore_ament_install']
[0.197s] Level 1:colcon.colcon_core.package_identification:_identify(install) by extension 'ignore'
[0.197s] Level 1:colcon.colcon_core.package_identification:_identify(install) ignored
[0.197s] Level 1:colcon.colcon_core.package_identification:_identify(log) by extensions ['ignore', 'ignore_ament_install']
[0.197s] Level 1:colcon.colcon_core.package_identification:_identify(log) by extension 'ignore'
[0.197s] Level 1:colcon.colcon_core.package_identification:_identify(log) ignored
[0.197s] Level 1:colcon.colcon_core.package_identification:_identify(src) by extensions ['ignore', 'ignore_ament_install']
[0.197s] Level 1:colcon.colcon_core.package_identification:_identify(src) by extension 'ignore'
[0.197s] Level 1:colcon.colcon_core.package_identification:_identify(src) by extension 'ignore_ament_install'
[0.197s] Level 1:colcon.colcon_core.package_identification:_identify(src) by extensions ['colcon_pkg']
[0.197s] Level 1:colcon.colcon_core.package_identification:_identify(src) by extension 'colcon_pkg'
[0.197s] Level 1:colcon.colcon_core.package_identification:_identify(src) by extensions ['colcon_meta']
[0.197s] Level 1:colcon.colcon_core.package_identification:_identify(src) by extension 'colcon_meta'
[0.197s] Level 1:colcon.colcon_core.package_identification:_identify(src) by extensions ['ros']
[0.197s] Level 1:colcon.colcon_core.package_identification:_identify(src) by extension 'ros'
[0.197s] Level 1:colcon.colcon_core.package_identification:_identify(src) by extensions ['cmake', 'python']
[0.197s] Level 1:colcon.colcon_core.package_identification:_identify(src) by extension 'cmake'
[0.197s] Level 1:colcon.colcon_core.package_identification:_identify(src) by extension 'python'
[0.197s] Level 1:colcon.colcon_core.package_identification:_identify(src) by extensions ['python_setup_py']
[0.197s] Level 1:colcon.colcon_core.package_identification:_identify(src) by extension 'python_setup_py'
[0.197s] Level 1:colcon.colcon_core.package_identification:_identify(src/bayes_opt_ros2) by extensions ['ignore', 'ignore_ament_install']
[0.197s] Level 1:colcon.colcon_core.package_identification:_identify(src/bayes_opt_ros2) by extension 'ignore'
[0.197s] Level 1:colcon.colcon_core.package_identification:_identify(src/bayes_opt_ros2) by extension 'ignore_ament_install'
[0.197s] Level 1:colcon.colcon_core.package_identification:_identify(src/bayes_opt_ros2) by extensions ['colcon_pkg']
[0.198s] Level 1:colcon.colcon_core.package_identification:_identify(src/bayes_opt_ros2) by extension 'colcon_pkg'
[0.198s] Level 1:colcon.colcon_core.package_identification:_identify(src/bayes_opt_ros2) by extensions ['colcon_meta']
[0.198s] Level 1:colcon.colcon_core.package_identification:_identify(src/bayes_opt_ros2) by extension 'colcon_meta'
[0.198s] Level 1:colcon.colcon_core.package_identification:_identify(src/bayes_opt_ros2) by extensions ['ros']
[0.198s] Level 1:colcon.colcon_core.package_identification:_identify(src/bayes_opt_ros2) by extension 'ros'
[0.199s] DEBUG:colcon.colcon_core.package_identification:Package 'src/bayes_opt_ros2' with type 'ros.catkin' and name 'bayes_opt_ros2'
[0.199s] Level 1:colcon.colcon_core.package_identification:_identify(src/crazyflie_python) by extensions ['ignore', 'ignore_ament_install']
[0.199s] Level 1:colcon.colcon_core.package_identification:_identify(src/crazyflie_python) by extension 'ignore'
[0.199s] Level 1:colcon.colcon_core.package_identification:_identify(src/crazyflie_python) by extension 'ignore_ament_install'
[0.199s] Level 1:colcon.colcon_core.package_identification:_identify(src/crazyflie_python) by extensions ['colcon_pkg']
[0.199s] Level 1:colcon.colcon_core.package_identification:_identify(src/crazyflie_python) by extension 'colcon_pkg'
[0.199s] Level 1:colcon.colcon_core.package_identification:_identify(src/crazyflie_python) by extensions ['colcon_meta']
[0.199s] Level 1:colcon.colcon_core.package_identification:_identify(src/crazyflie_python) by extension 'colcon_meta'
[0.200s] Level 1:colcon.colcon_core.package_identification:_identify(src/crazyflie_python) by extensions ['ros']
[0.200s] Level 1:colcon.colcon_core.package_identification:_identify(src/crazyflie_python) by extension 'ros'
[0.200s] Level 1:colcon.colcon_core.package_identification:_identify(src/crazyflie_python) by extensions ['cmake', 'python']
[0.200s] Level 1:colcon.colcon_core.package_identification:_identify(src/crazyflie_python) by extension 'cmake'
[0.200s] Level 1:colcon.colcon_core.package_identification:_identify(src/crazyflie_python) by extension 'python'
[0.200s] Level 1:colcon.colcon_core.package_identification:_identify(src/crazyflie_python) by extensions ['python_setup_py']
[0.200s] Level 1:colcon.colcon_core.package_identification:_identify(src/crazyflie_python) by extension 'python_setup_py'
[0.200s] Level 1:colcon.colcon_core.package_identification:_identify(src/phasespace_ros_node-main 2) by extensions ['ignore', 'ignore_ament_install']
[0.200s] Level 1:colcon.colcon_core.package_identification:_identify(src/phasespace_ros_node-main 2) by extension 'ignore'
[0.200s] Level 1:colcon.colcon_core.package_identification:_identify(src/phasespace_ros_node-main 2) by extension 'ignore_ament_install'
[0.200s] Level 1:colcon.colcon_core.package_identification:_identify(src/phasespace_ros_node-main 2) by extensions ['colcon_pkg']
[0.200s] Level 1:colcon.colcon_core.package_identification:_identify(src/phasespace_ros_node-main 2) by extension 'colcon_pkg'
[0.200s] Level 1:colcon.colcon_core.package_identification:_identify(src/phasespace_ros_node-main 2) by extensions ['colcon_meta']
[0.200s] Level 1:colcon.colcon_core.package_identification:_identify(src/phasespace_ros_node-main 2) by extension 'colcon_meta'
[0.200s] Level 1:colcon.colcon_core.package_identification:_identify(src/phasespace_ros_node-main 2) by extensions ['ros']
[0.200s] Level 1:colcon.colcon_core.package_identification:_identify(src/phasespace_ros_node-main 2) by extension 'ros'
[0.200s] Level 1:colcon.colcon_core.package_identification:_identify(src/phasespace_ros_node-main 2) by extensions ['cmake', 'python']
[0.200s] Level 1:colcon.colcon_core.package_identification:_identify(src/phasespace_ros_node-main 2) by extension 'cmake'
[0.200s] Level 1:colcon.colcon_core.package_identification:_identify(src/phasespace_ros_node-main 2) by extension 'python'
[0.200s] Level 1:colcon.colcon_core.package_identification:_identify(src/phasespace_ros_node-main 2) by extensions ['python_setup_py']
[0.200s] Level 1:colcon.colcon_core.package_identification:_identify(src/phasespace_ros_node-main 2) by extension 'python_setup_py'
[0.200s] Level 1:colcon.colcon_core.package_identification:_identify(src/phasespace_ros_node-main 2/phasespace_ros_node-main) by extensions ['ignore', 'ignore_ament_install']
[0.200s] Level 1:colcon.colcon_core.package_identification:_identify(src/phasespace_ros_node-main 2/phasespace_ros_node-main) by extension 'ignore'
[0.200s] Level 1:colcon.colcon_core.package_identification:_identify(src/phasespace_ros_node-main 2/phasespace_ros_node-main) by extension 'ignore_ament_install'
[0.200s] Level 1:colcon.colcon_core.package_identification:_identify(src/phasespace_ros_node-main 2/phasespace_ros_node-main) by extensions ['colcon_pkg']
[0.200s] Level 1:colcon.colcon_core.package_identification:_identify(src/phasespace_ros_node-main 2/phasespace_ros_node-main) by extension 'colcon_pkg'
[0.200s] Level 1:colcon.colcon_core.package_identification:_identify(src/phasespace_ros_node-main 2/phasespace_ros_node-main) by extensions ['colcon_meta']
[0.200s] Level 1:colcon.colcon_core.package_identification:_identify(src/phasespace_ros_node-main 2/phasespace_ros_node-main) by extension 'colcon_meta'
[0.200s] Level 1:colcon.colcon_core.package_identification:_identify(src/phasespace_ros_node-main 2/phasespace_ros_node-main) by extensions ['ros']
[0.200s] Level 1:colcon.colcon_core.package_identification:_identify(src/phasespace_ros_node-main 2/phasespace_ros_node-main) by extension 'ros'
[0.200s] Level 1:colcon.colcon_core.package_identification:_identify(src/phasespace_ros_node-main 2/phasespace_ros_node-main) by extensions ['cmake', 'python']
[0.200s] Level 1:colcon.colcon_core.package_identification:_identify(src/phasespace_ros_node-main 2/phasespace_ros_node-main) by extension 'cmake'
[0.201s] Level 1:colcon.colcon_core.package_identification:_identify(src/phasespace_ros_node-main 2/phasespace_ros_node-main) by extension 'python'
[0.201s] Level 1:colcon.colcon_core.package_identification:_identify(src/phasespace_ros_node-main 2/phasespace_ros_node-main) by extensions ['python_setup_py']
[0.201s] Level 1:colcon.colcon_core.package_identification:_identify(src/phasespace_ros_node-main 2/phasespace_ros_node-main) by extension 'python_setup_py'
[0.201s] Level 1:colcon.colcon_core.package_identification:_identify(src/phasespace_ros_node-main 2/phasespace_ros_node-main/phasespace_client) by extensions ['ignore', 'ignore_ament_install']
[0.201s] Level 1:colcon.colcon_core.package_identification:_identify(src/phasespace_ros_node-main 2/phasespace_ros_node-main/phasespace_client) by extension 'ignore'
[0.201s] Level 1:colcon.colcon_core.package_identification:_identify(src/phasespace_ros_node-main 2/phasespace_ros_node-main/phasespace_client) by extension 'ignore_ament_install'
[0.201s] Level 1:colcon.colcon_core.package_identification:_identify(src/phasespace_ros_node-main 2/phasespace_ros_node-main/phasespace_client) by extensions ['colcon_pkg']
[0.201s] Level 1:colcon.colcon_core.package_identification:_identify(src/phasespace_ros_node-main 2/phasespace_ros_node-main/phasespace_client) by extension 'colcon_pkg'
[0.201s] Level 1:colcon.colcon_core.package_identification:_identify(src/phasespace_ros_node-main 2/phasespace_ros_node-main/phasespace_client) by extensions ['colcon_meta']
[0.201s] Level 1:colcon.colcon_core.package_identification:_identify(src/phasespace_ros_node-main 2/phasespace_ros_node-main/phasespace_client) by extension 'colcon_meta'
[0.201s] Level 1:colcon.colcon_core.package_identification:_identify(src/phasespace_ros_node-main 2/phasespace_ros_node-main/phasespace_client) by extensions ['ros']
[0.201s] Level 1:colcon.colcon_core.package_identification:_identify(src/phasespace_ros_node-main 2/phasespace_ros_node-main/phasespace_client) by extension 'ros'
[0.201s] DEBUG:colcon.colcon_core.package_identification:Package 'src/phasespace_ros_node-main 2/phasespace_ros_node-main/phasespace_client' with type 'ros.ament_cmake' and name 'phasespace_client'
[0.201s] Level 1:colcon.colcon_core.package_identification:_identify(src/phasespace_ros_node-main 2/phasespace_ros_node-main/phasespace_msgs) by extensions ['ignore', 'ignore_ament_install']
[0.201s] Level 1:colcon.colcon_core.package_identification:_identify(src/phasespace_ros_node-main 2/phasespace_ros_node-main/phasespace_msgs) by extension 'ignore'
[0.201s] Level 1:colcon.colcon_core.package_identification:_identify(src/phasespace_ros_node-main 2/phasespace_ros_node-main/phasespace_msgs) by extension 'ignore_ament_install'
[0.201s] Level 1:colcon.colcon_core.package_identification:_identify(src/phasespace_ros_node-main 2/phasespace_ros_node-main/phasespace_msgs) by extensions ['colcon_pkg']
[0.201s] Level 1:colcon.colcon_core.package_identification:_identify(src/phasespace_ros_node-main 2/phasespace_ros_node-main/phasespace_msgs) by extension 'colcon_pkg'
[0.202s] Level 1:colcon.colcon_core.package_identification:_identify(src/phasespace_ros_node-main 2/phasespace_ros_node-main/phasespace_msgs) by extensions ['colcon_meta']
[0.202s] Level 1:colcon.colcon_core.package_identification:_identify(src/phasespace_ros_node-main 2/phasespace_ros_node-main/phasespace_msgs) by extension 'colcon_meta'
[0.202s] Level 1:colcon.colcon_core.package_identification:_identify(src/phasespace_ros_node-main 2/phasespace_ros_node-main/phasespace_msgs) by extensions ['ros']
[0.202s] Level 1:colcon.colcon_core.package_identification:_identify(src/phasespace_ros_node-main 2/phasespace_ros_node-main/phasespace_msgs) by extension 'ros'
[0.202s] DEBUG:colcon.colcon_core.package_identification:Package 'src/phasespace_ros_node-main 2/phasespace_ros_node-main/phasespace_msgs' with type 'ros.ament_cmake' and name 'phasespace_msgs'
[0.202s] Level 1:colcon.colcon_core.package_discovery:discover_packages(recursive) using defaults
[0.202s] Level 1:colcon.colcon_core.package_discovery:discover_packages(ignore) discover
[0.202s] Level 1:colcon.colcon_core.package_discovery:discover_packages(ignore) using defaults
[0.202s] Level 1:colcon.colcon_core.package_discovery:discover_packages(path) discover
[0.202s] Level 1:colcon.colcon_core.package_discovery:discover_packages(path) using defaults
[0.223s] Level 1:colcon.colcon_core.package_discovery:discover_packages(prefix_path) check parameters
[0.223s] Level 1:colcon.colcon_core.package_discovery:discover_packages(prefix_path) discover
[0.225s] DEBUG:colcon.colcon_installed_package_information.package_discovery:Found 271 installed packages in /opt/ros/humble
[0.226s] Level 1:colcon.colcon_core.package_discovery:discover_packages(prefix_path) using defaults
[0.249s] Level 5:colcon.colcon_core.verb:set package 'bayes_opt_ros2' build argument 'cmake_args' from command line to 'None'
[0.249s] Level 5:colcon.colcon_core.verb:set package 'bayes_opt_ros2' build argument 'cmake_target' from command line to 'None'
[0.249s] Level 5:colcon.colcon_core.verb:set package 'bayes_opt_ros2' build argument 'cmake_target_skip_unavailable' from command line to 'False'
[0.249s] Level 5:colcon.colcon_core.verb:set package 'bayes_opt_ros2' build argument 'cmake_clean_cache' from command line to 'False'
[0.249s] Level 5:colcon.colcon_core.verb:set package 'bayes_opt_ros2' build argument 'cmake_clean_first' from command line to 'False'
[0.249s] Level 5:colcon.colcon_core.verb:set package 'bayes_opt_ros2' build argument 'cmake_force_configure' from command line to 'False'
[0.249s] Level 5:colcon.colcon_core.verb:set package 'bayes_opt_ros2' build argument 'ament_cmake_args' from command line to 'None'
[0.249s] Level 5:colcon.colcon_core.verb:set package 'bayes_opt_ros2' build argument 'catkin_cmake_args' from command line to 'None'
[0.249s] Level 5:colcon.colcon_core.verb:set package 'bayes_opt_ros2' build argument 'catkin_skip_building_tests' from command line to 'False'
[0.249s] DEBUG:colcon.colcon_core.verb:Building package 'bayes_opt_ros2' with the following arguments: {'ament_cmake_args': None, 'build_base': '/home/kevin/crazyflie_phasespace/build/bayes_opt_ros2', 'catkin_cmake_args': None, 'catkin_skip_building_tests': False, 'cmake_args': None, 'cmake_clean_cache': False, 'cmake_clean_first': False, 'cmake_force_configure': False, 'cmake_target': None, 'cmake_target_skip_unavailable': False, 'install_base': '/home/kevin/crazyflie_phasespace/install/bayes_opt_ros2', 'merge_install': False, 'path': '/home/kevin/crazyflie_phasespace/src/bayes_opt_ros2', 'symlink_install': False, 'test_result_base': None}
[0.249s] Level 5:colcon.colcon_core.verb:set package 'phasespace_msgs' build argument 'cmake_args' from command line to 'None'
[0.249s] Level 5:colcon.colcon_core.verb:set package 'phasespace_msgs' build argument 'cmake_target' from command line to 'None'
[0.249s] Level 5:colcon.colcon_core.verb:set package 'phasespace_msgs' build argument 'cmake_target_skip_unavailable' from command line to 'False'
[0.249s] Level 5:colcon.colcon_core.verb:set package 'phasespace_msgs' build argument 'cmake_clean_cache' from command line to 'False'
[0.249s] Level 5:colcon.colcon_core.verb:set package 'phasespace_msgs' build argument 'cmake_clean_first' from command line to 'False'
[0.249s] Level 5:colcon.colcon_core.verb:set package 'phasespace_msgs' build argument 'cmake_force_configure' from command line to 'False'
[0.249s] Level 5:colcon.colcon_core.verb:set package 'phasespace_msgs' build argument 'ament_cmake_args' from command line to 'None'
[0.250s] Level 5:colcon.colcon_core.verb:set package 'phasespace_msgs' build argument 'catkin_cmake_args' from command line to 'None'
[0.250s] Level 5:colcon.colcon_core.verb:set package 'phasespace_msgs' build argument 'catkin_skip_building_tests' from command line to 'False'
[0.250s] DEBUG:colcon.colcon_core.verb:Building package 'phasespace_msgs' with the following arguments: {'ament_cmake_args': None, 'build_base': '/home/kevin/crazyflie_phasespace/build/phasespace_msgs', 'catkin_cmake_args': None, 'catkin_skip_building_tests': False, 'cmake_args': None, 'cmake_clean_cache': False, 'cmake_clean_first': False, 'cmake_force_configure': False, 'cmake_target': None, 'cmake_target_skip_unavailable': False, 'install_base': '/home/kevin/crazyflie_phasespace/install/phasespace_msgs', 'merge_install': False, 'path': '/home/kevin/crazyflie_phasespace/src/phasespace_ros_node-main 2/phasespace_ros_node-main/phasespace_msgs', 'symlink_install': False, 'test_result_base': None}
[0.250s] Level 5:colcon.colcon_core.verb:set package 'phasespace_client' build argument 'cmake_args' from command line to 'None'
[0.250s] Level 5:colcon.colcon_core.verb:set package 'phasespace_client' build argument 'cmake_target' from command line to 'None'
[0.250s] Level 5:colcon.colcon_core.verb:set package 'phasespace_client' build argument 'cmake_target_skip_unavailable' from command line to 'False'
[0.250s] Level 5:colcon.colcon_core.verb:set package 'phasespace_client' build argument 'cmake_clean_cache' from command line to 'False'
[0.250s] Level 5:colcon.colcon_core.verb:set package 'phasespace_client' build argument 'cmake_clean_first' from command line to 'False'
[0.250s] Level 5:colcon.colcon_core.verb:set package 'phasespace_client' build argument 'cmake_force_configure' from command line to 'False'
[0.250s] Level 5:colcon.colcon_core.verb:set package 'phasespace_client' build argument 'ament_cmake_args' from command line to 'None'
[0.250s] Level 5:colcon.colcon_core.verb:set package 'phasespace_client' build argument 'catkin_cmake_args' from command line to 'None'
[0.250s] Level 5:colcon.colcon_core.verb:set package 'phasespace_client' build argument 'catkin_skip_building_tests' from command line to 'False'
[0.250s] DEBUG:colcon.colcon_core.verb:Building package 'phasespace_client' with the following arguments: {'ament_cmake_args': None, 'build_base': '/home/kevin/crazyflie_phasespace/build/phasespace_client', 'catkin_cmake_args': None, 'catkin_skip_building_tests': False, 'cmake_args': None, 'cmake_clean_cache': False, 'cmake_clean_first': False, 'cmake_force_configure': False, 'cmake_target': None, 'cmake_target_skip_unavailable': False, 'install_base': '/home/kevin/crazyflie_phasespace/install/phasespace_client', 'merge_install': False, 'path': '/home/kevin/crazyflie_phasespace/src/phasespace_ros_node-main 2/phasespace_ros_node-main/phasespace_client', 'symlink_install': False, 'test_result_base': None}
[0.250s] INFO:colcon.colcon_core.executor:Executing jobs using 'parallel' executor
[0.251s] DEBUG:colcon.colcon_parallel_executor.executor.parallel:run_until_complete
[0.251s] INFO:colcon.colcon_ros.task.ament_cmake.build:Building ROS package in '/home/kevin/crazyflie_phasespace/src/phasespace_ros_node-main 2/phasespace_ros_node-main/phasespace_msgs' with build type 'ament_cmake'
[0.251s] INFO:colcon.colcon_cmake.task.cmake.build:Building CMake package in '/home/kevin/crazyflie_phasespace/src/phasespace_ros_node-main 2/phasespace_ros_node-main/phasespace_msgs'
[0.252s] INFO:colcon.colcon_core.plugin_system:Skipping extension 'colcon_core.shell.bat': Not used on non-Windows systems
[0.252s] INFO:colcon.colcon_core.shell:Skip shell extension 'powershell' for command environment: Not usable outside of PowerShell
[0.252s] DEBUG:colcon.colcon_core.shell:Skip shell extension 'dsv' for command environment
[0.254s] INFO:colcon.colcon_ros.task.catkin.build:Building ROS package in '/home/kevin/crazyflie_phasespace/src/bayes_opt_ros2' with build type 'catkin'
[0.254s] INFO:colcon.colcon_cmake.task.cmake.build:Building CMake package in '/home/kevin/crazyflie_phasespace/src/bayes_opt_ros2'
[0.255s] INFO:colcon.colcon_core.shell:Skip shell extension 'powershell' for command environment: Not usable outside of PowerShell
[0.255s] DEBUG:colcon.colcon_core.shell:Skip shell extension 'dsv' for command environment
[0.260s] DEBUG:colcon.colcon_core.event_handler.log_command:Invoking command in '/home/kevin/crazyflie_phasespace/build/phasespace_msgs': CMAKE_PREFIX_PATH=/opt/ros/humble /usr/bin/cmake --build /home/kevin/crazyflie_phasespace/build/phasespace_msgs -- -j8 -l8
[0.262s] DEBUG:colcon.colcon_core.event_handler.log_command:Invoking command in '/home/kevin/crazyflie_phasespace/build/bayes_opt_ros2': /usr/bin/cmake --build /home/kevin/crazyflie_phasespace/build/bayes_opt_ros2 -- -j8 -l8
[0.293s] DEBUG:colcon.colcon_core.event_handler.log_command:Invoked command in '/home/kevin/crazyflie_phasespace/build/bayes_opt_ros2' returned '0': /usr/bin/cmake --build /home/kevin/crazyflie_phasespace/build/bayes_opt_ros2 -- -j8 -l8
[0.302s] DEBUG:colcon.colcon_core.event_handler.log_command:Invoking command in '/home/kevin/crazyflie_phasespace/build/bayes_opt_ros2': /usr/bin/cmake --install /home/kevin/crazyflie_phasespace/build/bayes_opt_ros2
[0.309s] Level 1:colcon.colcon_core.shell:create_environment_hook('bayes_opt_ros2', 'ros_package_path')
[0.310s] INFO:colcon.colcon_core.shell:Creating environment hook '/home/kevin/crazyflie_phasespace/install/bayes_opt_ros2/share/bayes_opt_ros2/hook/ros_package_path.ps1'
[0.311s] DEBUG:colcon.colcon_core.event_handler.log_command:Invoked command in '/home/kevin/crazyflie_phasespace/build/bayes_opt_ros2' returned '0': /usr/bin/cmake --install /home/kevin/crazyflie_phasespace/build/bayes_opt_ros2
[0.311s] INFO:colcon.colcon_core.shell:Creating environment descriptor '/home/kevin/crazyflie_phasespace/install/bayes_opt_ros2/share/bayes_opt_ros2/hook/ros_package_path.dsv'
[0.312s] INFO:colcon.colcon_core.shell:Creating environment hook '/home/kevin/crazyflie_phasespace/install/bayes_opt_ros2/share/bayes_opt_ros2/hook/ros_package_path.sh'
[0.312s] Level 1:colcon.colcon_core.shell:create_environment_hook('bayes_opt_ros2', 'pkg_config_path')
[0.313s] INFO:colcon.colcon_core.shell:Creating environment hook '/home/kevin/crazyflie_phasespace/install/bayes_opt_ros2/share/bayes_opt_ros2/hook/pkg_config_path.ps1'
[0.313s] INFO:colcon.colcon_core.shell:Creating environment descriptor '/home/kevin/crazyflie_phasespace/install/bayes_opt_ros2/share/bayes_opt_ros2/hook/pkg_config_path.dsv'
[0.313s] INFO:colcon.colcon_core.shell:Creating environment hook '/home/kevin/crazyflie_phasespace/install/bayes_opt_ros2/share/bayes_opt_ros2/hook/pkg_config_path.sh'
[0.316s] Level 1:colcon.colcon_core.shell:create_environment_hook('bayes_opt_ros2', 'pkg_config_path_multiarch')
[0.317s] INFO:colcon.colcon_core.shell:Creating environment hook '/home/kevin/crazyflie_phasespace/install/bayes_opt_ros2/share/bayes_opt_ros2/hook/pkg_config_path_multiarch.ps1'
[0.317s] INFO:colcon.colcon_core.shell:Creating environment descriptor '/home/kevin/crazyflie_phasespace/install/bayes_opt_ros2/share/bayes_opt_ros2/hook/pkg_config_path_multiarch.dsv'
[0.318s] INFO:colcon.colcon_core.shell:Creating environment hook '/home/kevin/crazyflie_phasespace/install/bayes_opt_ros2/share/bayes_opt_ros2/hook/pkg_config_path_multiarch.sh'
[0.319s] Level 1:colcon.colcon_core.environment:create_environment_scripts_only(bayes_opt_ros2)
[0.321s] Level 1:colcon.colcon_core.environment:checking '/home/kevin/crazyflie_phasespace/install/bayes_opt_ros2' for CMake module files
[0.322s] Level 1:colcon.colcon_core.environment:checking '/home/kevin/crazyflie_phasespace/install/bayes_opt_ros2' for CMake config files
[0.322s] Level 1:colcon.colcon_core.shell:create_environment_hook('bayes_opt_ros2', 'cmake_prefix_path')
[0.322s] INFO:colcon.colcon_core.shell:Creating environment hook '/home/kevin/crazyflie_phasespace/install/bayes_opt_ros2/share/bayes_opt_ros2/hook/cmake_prefix_path.ps1'
[0.323s] INFO:colcon.colcon_core.shell:Creating environment descriptor '/home/kevin/crazyflie_phasespace/install/bayes_opt_ros2/share/bayes_opt_ros2/hook/cmake_prefix_path.dsv'
[0.324s] INFO:colcon.colcon_core.shell:Creating environment hook '/home/kevin/crazyflie_phasespace/install/bayes_opt_ros2/share/bayes_opt_ros2/hook/cmake_prefix_path.sh'
[0.325s] Level 1:colcon.colcon_core.environment:checking '/home/kevin/crazyflie_phasespace/install/bayes_opt_ros2/lib'
[0.325s] Level 1:colcon.colcon_core.environment:checking '/home/kevin/crazyflie_phasespace/install/bayes_opt_ros2/bin'
[0.325s] Level 1:colcon.colcon_core.environment:checking '/home/kevin/crazyflie_phasespace/install/bayes_opt_ros2/lib/pkgconfig/bayes_opt_ros2.pc'
[0.326s] Level 1:colcon.colcon_core.environment:checking '/home/kevin/crazyflie_phasespace/install/bayes_opt_ros2/lib/python3.10/site-packages'
[0.326s] Level 1:colcon.colcon_core.environment:checking '/home/kevin/crazyflie_phasespace/install/bayes_opt_ros2/bin'
[0.329s] INFO:colcon.colcon_core.shell:Creating package script '/home/kevin/crazyflie_phasespace/install/bayes_opt_ros2/share/bayes_opt_ros2/package.ps1'
[0.330s] INFO:colcon.colcon_core.shell:Creating package descriptor '/home/kevin/crazyflie_phasespace/install/bayes_opt_ros2/share/bayes_opt_ros2/package.dsv'
[0.330s] INFO:colcon.colcon_core.shell:Creating package script '/home/kevin/crazyflie_phasespace/install/bayes_opt_ros2/share/bayes_opt_ros2/package.sh'
[0.332s] INFO:colcon.colcon_core.shell:Creating package script '/home/kevin/crazyflie_phasespace/install/bayes_opt_ros2/share/bayes_opt_ros2/package.bash'
[0.332s] INFO:colcon.colcon_core.shell:Creating package script '/home/kevin/crazyflie_phasespace/install/bayes_opt_ros2/share/bayes_opt_ros2/package.zsh'
[0.333s] Level 1:colcon.colcon_core.environment:create_file_with_runtime_dependencies(/home/kevin/crazyflie_phasespace/install/bayes_opt_ros2/share/colcon-core/packages/bayes_opt_ros2)
[0.555s] DEBUG:colcon.colcon_core.event_handler.log_command:Invoked command in '/home/kevin/crazyflie_phasespace/build/phasespace_msgs' returned '0': CMAKE_PREFIX_PATH=/opt/ros/humble /usr/bin/cmake --build /home/kevin/crazyflie_phasespace/build/phasespace_msgs -- -j8 -l8
[0.556s] DEBUG:colcon.colcon_core.event_handler.log_command:Invoking command in '/home/kevin/crazyflie_phasespace/build/phasespace_msgs': CMAKE_PREFIX_PATH=/opt/ros/humble /usr/bin/cmake --install /home/kevin/crazyflie_phasespace/build/phasespace_msgs
[0.599s] Level 1:colcon.colcon_core.environment:create_environment_scripts_only(phasespace_msgs)
[0.600s] Level 1:colcon.colcon_core.environment:checking '/home/kevin/crazyflie_phasespace/install/phasespace_msgs' for CMake module files
[0.600s] DEBUG:colcon.colcon_core.event_handler.log_command:Invoked command in '/home/kevin/crazyflie_phasespace/build/phasespace_msgs' returned '0': CMAKE_PREFIX_PATH=/opt/ros/humble /usr/bin/cmake --install /home/kevin/crazyflie_phasespace/build/phasespace_msgs
[0.600s] Level 1:colcon.colcon_core.environment:checking '/home/kevin/crazyflie_phasespace/install/phasespace_msgs' for CMake config files
[0.601s] Level 1:colcon.colcon_core.shell:create_environment_hook('phasespace_msgs', 'cmake_prefix_path')
[0.601s] INFO:colcon.colcon_core.shell:Creating environment hook '/home/kevin/crazyflie_phasespace/install/phasespace_msgs/share/phasespace_msgs/hook/cmake_prefix_path.ps1'
[0.601s] INFO:colcon.colcon_core.shell:Creating environment descriptor '/home/kevin/crazyflie_phasespace/install/phasespace_msgs/share/phasespace_msgs/hook/cmake_prefix_path.dsv'
[0.601s] INFO:colcon.colcon_core.shell:Creating environment hook '/home/kevin/crazyflie_phasespace/install/phasespace_msgs/share/phasespace_msgs/hook/cmake_prefix_path.sh'
[0.602s] Level 1:colcon.colcon_core.environment:checking '/home/kevin/crazyflie_phasespace/install/phasespace_msgs/lib'
[0.602s] Level 1:colcon.colcon_core.shell:create_environment_hook('phasespace_msgs', 'ld_library_path_lib')
[0.602s] INFO:colcon.colcon_core.shell:Creating environment hook '/home/kevin/crazyflie_phasespace/install/phasespace_msgs/share/phasespace_msgs/hook/ld_library_path_lib.ps1'
[0.602s] INFO:colcon.colcon_core.shell:Creating environment descriptor '/home/kevin/crazyflie_phasespace/install/phasespace_msgs/share/phasespace_msgs/hook/ld_library_path_lib.dsv'
[0.602s] INFO:colcon.colcon_core.shell:Creating environment hook '/home/kevin/crazyflie_phasespace/install/phasespace_msgs/share/phasespace_msgs/hook/ld_library_path_lib.sh'
[0.603s] Level 1:colcon.colcon_core.environment:checking '/home/kevin/crazyflie_phasespace/install/phasespace_msgs/bin'
[0.603s] Level 1:colcon.colcon_core.environment:checking '/home/kevin/crazyflie_phasespace/install/phasespace_msgs/lib/pkgconfig/phasespace_msgs.pc'
[0.603s] Level 1:colcon.colcon_core.environment:checking '/home/kevin/crazyflie_phasespace/install/phasespace_msgs/lib/python3.10/site-packages'
[0.603s] Level 1:colcon.colcon_core.environment:checking '/home/kevin/crazyflie_phasespace/install/phasespace_msgs/bin'
[0.603s] INFO:colcon.colcon_core.shell:Creating package script '/home/kevin/crazyflie_phasespace/install/phasespace_msgs/share/phasespace_msgs/package.ps1'
[0.604s] INFO:colcon.colcon_core.shell:Creating package descriptor '/home/kevin/crazyflie_phasespace/install/phasespace_msgs/share/phasespace_msgs/package.dsv'
[0.604s] INFO:colcon.colcon_core.shell:Creating package script '/home/kevin/crazyflie_phasespace/install/phasespace_msgs/share/phasespace_msgs/package.sh'
[0.604s] INFO:colcon.colcon_core.shell:Creating package script '/home/kevin/crazyflie_phasespace/install/phasespace_msgs/share/phasespace_msgs/package.bash'
[0.604s] INFO:colcon.colcon_core.shell:Creating package script '/home/kevin/crazyflie_phasespace/install/phasespace_msgs/share/phasespace_msgs/package.zsh'
[0.605s] Level 1:colcon.colcon_core.environment:create_file_with_runtime_dependencies(/home/kevin/crazyflie_phasespace/install/phasespace_msgs/share/colcon-core/packages/phasespace_msgs)
[0.605s] Level 1:colcon.colcon_core.environment:create_environment_scripts_only(phasespace_msgs)
[0.605s] Level 1:colcon.colcon_core.environment:checking '/home/kevin/crazyflie_phasespace/install/phasespace_msgs' for CMake module files
[0.606s] Level 1:colcon.colcon_core.environment:checking '/home/kevin/crazyflie_phasespace/install/phasespace_msgs' for CMake config files
[0.606s] Level 1:colcon.colcon_core.shell:create_environment_hook('phasespace_msgs', 'cmake_prefix_path')
[0.606s] INFO:colcon.colcon_core.shell:Creating environment hook '/home/kevin/crazyflie_phasespace/install/phasespace_msgs/share/phasespace_msgs/hook/cmake_prefix_path.ps1'
[0.606s] INFO:colcon.colcon_core.shell:Creating environment descriptor '/home/kevin/crazyflie_phasespace/install/phasespace_msgs/share/phasespace_msgs/hook/cmake_prefix_path.dsv'
[0.606s] INFO:colcon.colcon_core.shell:Creating environment hook '/home/kevin/crazyflie_phasespace/install/phasespace_msgs/share/phasespace_msgs/hook/cmake_prefix_path.sh'
[0.607s] Level 1:colcon.colcon_core.environment:checking '/home/kevin/crazyflie_phasespace/install/phasespace_msgs/lib'
[0.607s] Level 1:colcon.colcon_core.shell:create_environment_hook('phasespace_msgs', 'ld_library_path_lib')
[0.607s] INFO:colcon.colcon_core.shell:Creating environment hook '/home/kevin/crazyflie_phasespace/install/phasespace_msgs/share/phasespace_msgs/hook/ld_library_path_lib.ps1'
[0.607s] INFO:colcon.colcon_core.shell:Creating environment descriptor '/home/kevin/crazyflie_phasespace/install/phasespace_msgs/share/phasespace_msgs/hook/ld_library_path_lib.dsv'
[0.607s] INFO:colcon.colcon_core.shell:Creating environment hook '/home/kevin/crazyflie_phasespace/install/phasespace_msgs/share/phasespace_msgs/hook/ld_library_path_lib.sh'
[0.608s] Level 1:colcon.colcon_core.environment:checking '/home/kevin/crazyflie_phasespace/install/phasespace_msgs/bin'
[0.608s] Level 1:colcon.colcon_core.environment:checking '/home/kevin/crazyflie_phasespace/install/phasespace_msgs/lib/pkgconfig/phasespace_msgs.pc'
[0.608s] Level 1:colcon.colcon_core.environment:checking '/home/kevin/crazyflie_phasespace/install/phasespace_msgs/lib/python3.10/site-packages'
[0.608s] Level 1:colcon.colcon_core.environment:checking '/home/kevin/crazyflie_phasespace/install/phasespace_msgs/bin'
[0.608s] INFO:colcon.colcon_core.shell:Creating package script '/home/kevin/crazyflie_phasespace/install/phasespace_msgs/share/phasespace_msgs/package.ps1'
[0.609s] INFO:colcon.colcon_core.shell:Creating package descriptor '/home/kevin/crazyflie_phasespace/install/phasespace_msgs/share/phasespace_msgs/package.dsv'
[0.609s] INFO:colcon.colcon_core.shell:Creating package script '/home/kevin/crazyflie_phasespace/install/phasespace_msgs/share/phasespace_msgs/package.sh'
[0.609s] INFO:colcon.colcon_core.shell:Creating package script '/home/kevin/crazyflie_phasespace/install/phasespace_msgs/share/phasespace_msgs/package.bash'
[0.609s] INFO:colcon.colcon_core.shell:Creating package script '/home/kevin/crazyflie_phasespace/install/phasespace_msgs/share/phasespace_msgs/package.zsh'
[0.610s] Level 1:colcon.colcon_core.environment:create_file_with_runtime_dependencies(/home/kevin/crazyflie_phasespace/install/phasespace_msgs/share/colcon-core/packages/phasespace_msgs)
[0.610s] INFO:colcon.colcon_ros.task.ament_cmake.build:Building ROS package in '/home/kevin/crazyflie_phasespace/src/phasespace_ros_node-main 2/phasespace_ros_node-main/phasespace_client' with build type 'ament_cmake'
[0.610s] INFO:colcon.colcon_cmake.task.cmake.build:Building CMake package in '/home/kevin/crazyflie_phasespace/src/phasespace_ros_node-main 2/phasespace_ros_node-main/phasespace_client'
[0.610s] INFO:colcon.colcon_core.shell:Skip shell extension 'powershell' for command environment: Not usable outside of PowerShell
[0.610s] DEBUG:colcon.colcon_core.shell:Skip shell extension 'dsv' for command environment
[0.620s] DEBUG:colcon.colcon_core.event_handler.log_command:Invoking command in '/home/kevin/crazyflie_phasespace/build/phasespace_client': AMENT_PREFIX_PATH=/home/kevin/crazyflie_phasespace/install/phasespace_msgs:${AMENT_PREFIX_PATH} CMAKE_PREFIX_PATH=/home/kevin/crazyflie_phasespace/install/phasespace_msgs:/opt/ros/humble LD_LIBRARY_PATH=/home/kevin/crazyflie_phasespace/install/phasespace_msgs/lib:${LD_LIBRARY_PATH} PYTHONPATH=/home/kevin/crazyflie_phasespace/install/phasespace_msgs/local/lib/python3.10/dist-packages:${PYTHONPATH} /usr/bin/cmake --build /home/kevin/crazyflie_phasespace/build/phasespace_client -- -j8 -l8
[0.724s] DEBUG:colcon.colcon_core.event_handler.log_command:Invoked command in '/home/kevin/crazyflie_phasespace/build/phasespace_client' returned '0': AMENT_PREFIX_PATH=/home/kevin/crazyflie_phasespace/install/phasespace_msgs:${AMENT_PREFIX_PATH} CMAKE_PREFIX_PATH=/home/kevin/crazyflie_phasespace/install/phasespace_msgs:/opt/ros/humble LD_LIBRARY_PATH=/home/kevin/crazyflie_phasespace/install/phasespace_msgs/lib:${LD_LIBRARY_PATH} PYTHONPATH=/home/kevin/crazyflie_phasespace/install/phasespace_msgs/local/lib/python3.10/dist-packages:${PYTHONPATH} /usr/bin/cmake --build /home/kevin/crazyflie_phasespace/build/phasespace_client -- -j8 -l8
[0.725s] DEBUG:colcon.colcon_core.event_handler.log_command:Invoking command in '/home/kevin/crazyflie_phasespace/build/phasespace_client': AMENT_PREFIX_PATH=/home/kevin/crazyflie_phasespace/install/phasespace_msgs:${AMENT_PREFIX_PATH} CMAKE_PREFIX_PATH=/home/kevin/crazyflie_phasespace/install/phasespace_msgs:/opt/ros/humble LD_LIBRARY_PATH=/home/kevin/crazyflie_phasespace/install/phasespace_msgs/lib:${LD_LIBRARY_PATH} PYTHONPATH=/home/kevin/crazyflie_phasespace/install/phasespace_msgs/local/lib/python3.10/dist-packages:${PYTHONPATH} /usr/bin/cmake --install /home/kevin/crazyflie_phasespace/build/phasespace_client
[0.733s] Level 1:colcon.colcon_core.environment:create_environment_scripts_only(phasespace_client)
[0.734s] DEBUG:colcon.colcon_core.event_handler.log_command:Invoked command in '/home/kevin/crazyflie_phasespace/build/phasespace_client' returned '0': AMENT_PREFIX_PATH=/home/kevin/crazyflie_phasespace/install/phasespace_msgs:${AMENT_PREFIX_PATH} CMAKE_PREFIX_PATH=/home/kevin/crazyflie_phasespace/install/phasespace_msgs:/opt/ros/humble LD_LIBRARY_PATH=/home/kevin/crazyflie_phasespace/install/phasespace_msgs/lib:${LD_LIBRARY_PATH} PYTHONPATH=/home/kevin/crazyflie_phasespace/install/phasespace_msgs/local/lib/python3.10/dist-packages:${PYTHONPATH} /usr/bin/cmake --install /home/kevin/crazyflie_phasespace/build/phasespace_client
[0.734s] Level 1:colcon.colcon_core.environment:checking '/home/kevin/crazyflie_phasespace/install/phasespace_client' for CMake module files
[0.735s] Level 1:colcon.colcon_core.environment:checking '/home/kevin/crazyflie_phasespace/install/phasespace_client' for CMake config files
[0.735s] Level 1:colcon.colcon_core.shell:create_environment_hook('phasespace_client', 'cmake_prefix_path')
[0.735s] INFO:colcon.colcon_core.shell:Creating environment hook '/home/kevin/crazyflie_phasespace/install/phasespace_client/share/phasespace_client/hook/cmake_prefix_path.ps1'
[0.736s] INFO:colcon.colcon_core.shell:Creating environment descriptor '/home/kevin/crazyflie_phasespace/install/phasespace_client/share/phasespace_client/hook/cmake_prefix_path.dsv'
[0.736s] INFO:colcon.colcon_core.shell:Creating environment hook '/home/kevin/crazyflie_phasespace/install/phasespace_client/share/phasespace_client/hook/cmake_prefix_path.sh'
[0.737s] Level 1:colcon.colcon_core.environment:checking '/home/kevin/crazyflie_phasespace/install/phasespace_client/lib'
[0.737s] Level 1:colcon.colcon_core.environment:checking '/home/kevin/crazyflie_phasespace/install/phasespace_client/bin'
[0.737s] Level 1:colcon.colcon_core.environment:checking '/home/kevin/crazyflie_phasespace/install/phasespace_client/lib/pkgconfig/phasespace_client.pc'
[0.737s] Level 1:colcon.colcon_core.environment:checking '/home/kevin/crazyflie_phasespace/install/phasespace_client/lib/python3.10/site-packages'
[0.737s] Level 1:colcon.colcon_core.environment:checking '/home/kevin/crazyflie_phasespace/install/phasespace_client/bin'
[0.738s] INFO:colcon.colcon_core.shell:Creating package script '/home/kevin/crazyflie_phasespace/install/phasespace_client/share/phasespace_client/package.ps1'
[0.738s] INFO:colcon.colcon_core.shell:Creating package descriptor '/home/kevin/crazyflie_phasespace/install/phasespace_client/share/phasespace_client/package.dsv'
[0.738s] INFO:colcon.colcon_core.shell:Creating package script '/home/kevin/crazyflie_phasespace/install/phasespace_client/share/phasespace_client/package.sh'
[0.739s] INFO:colcon.colcon_core.shell:Creating package script '/home/kevin/crazyflie_phasespace/install/phasespace_client/share/phasespace_client/package.bash'
[0.739s] INFO:colcon.colcon_core.shell:Creating package script '/home/kevin/crazyflie_phasespace/install/phasespace_client/share/phasespace_client/package.zsh'
[0.739s] Level 1:colcon.colcon_core.environment:create_file_with_runtime_dependencies(/home/kevin/crazyflie_phasespace/install/phasespace_client/share/colcon-core/packages/phasespace_client)
[0.740s] Level 1:colcon.colcon_core.environment:create_environment_scripts_only(phasespace_client)
[0.740s] Level 1:colcon.colcon_core.environment:checking '/home/kevin/crazyflie_phasespace/install/phasespace_client' for CMake module files
[0.741s] Level 1:colcon.colcon_core.environment:checking '/home/kevin/crazyflie_phasespace/install/phasespace_client' for CMake config files
[0.741s] Level 1:colcon.colcon_core.shell:create_environment_hook('phasespace_client', 'cmake_prefix_path')
[0.741s] INFO:colcon.colcon_core.shell:Creating environment hook '/home/kevin/crazyflie_phasespace/install/phasespace_client/share/phasespace_client/hook/cmake_prefix_path.ps1'
[0.741s] INFO:colcon.colcon_core.shell:Creating environment descriptor '/home/kevin/crazyflie_phasespace/install/phasespace_client/share/phasespace_client/hook/cmake_prefix_path.dsv'
[0.742s] INFO:colcon.colcon_core.shell:Creating environment hook '/home/kevin/crazyflie_phasespace/install/phasespace_client/share/phasespace_client/hook/cmake_prefix_path.sh'
[0.742s] Level 1:colcon.colcon_core.environment:checking '/home/kevin/crazyflie_phasespace/install/phasespace_client/lib'
[0.742s] Level 1:colcon.colcon_core.environment:checking '/home/kevin/crazyflie_phasespace/install/phasespace_client/bin'
[0.742s] Level 1:colcon.colcon_core.environment:checking '/home/kevin/crazyflie_phasespace/install/phasespace_client/lib/pkgconfig/phasespace_client.pc'
[0.743s] Level 1:colcon.colcon_core.environment:checking '/home/kevin/crazyflie_phasespace/install/phasespace_client/lib/python3.10/site-packages'
[0.743s] Level 1:colcon.colcon_core.environment:checking '/home/kevin/crazyflie_phasespace/install/phasespace_client/bin'
[0.743s] INFO:colcon.colcon_core.shell:Creating package script '/home/kevin/crazyflie_phasespace/install/phasespace_client/share/phasespace_client/package.ps1'
[0.744s] INFO:colcon.colcon_core.shell:Creating package descriptor '/home/kevin/crazyflie_phasespace/install/phasespace_client/share/phasespace_client/package.dsv'
[0.744s] INFO:colcon.colcon_core.shell:Creating package script '/home/kevin/crazyflie_phasespace/install/phasespace_client/share/phasespace_client/package.sh'
[0.744s] INFO:colcon.colcon_core.shell:Creating package script '/home/kevin/crazyflie_phasespace/install/phasespace_client/share/phasespace_client/package.bash'
[0.745s] INFO:colcon.colcon_core.shell:Creating package script '/home/kevin/crazyflie_phasespace/install/phasespace_client/share/phasespace_client/package.zsh'
[0.745s] Level 1:colcon.colcon_core.environment:create_file_with_runtime_dependencies(/home/kevin/crazyflie_phasespace/install/phasespace_client/share/colcon-core/packages/phasespace_client)
[0.745s] DEBUG:colcon.colcon_parallel_executor.executor.parallel:closing loop
[0.746s] DEBUG:colcon.colcon_parallel_executor.executor.parallel:loop closed
[0.746s] DEBUG:colcon.colcon_parallel_executor.executor.parallel:run_until_complete finished with '0'
[0.746s] DEBUG:colcon.colcon_core.event_reactor:joining thread
[0.749s] INFO:colcon.colcon_core.plugin_system:Skipping extension 'colcon_notification.desktop_notification.terminal_notifier': Not used on non-Darwin systems
[0.750s] INFO:colcon.colcon_core.plugin_system:Skipping extension 'colcon_notification.desktop_notification.win32': Not used on non-Windows systems
[0.750s] INFO:colcon.colcon_notification.desktop_notification:Sending desktop notification using 'notify2'
[0.757s] DEBUG:colcon.colcon_core.event_reactor:joined thread
[0.758s] INFO:colcon.colcon_core.shell:Creating prefix script '/home/kevin/crazyflie_phasespace/install/local_setup.ps1'
[0.759s] INFO:colcon.colcon_core.shell:Creating prefix util module '/home/kevin/crazyflie_phasespace/install/_local_setup_util_ps1.py'
[0.761s] INFO:colcon.colcon_core.shell:Creating prefix chain script '/home/kevin/crazyflie_phasespace/install/setup.ps1'
[0.762s] INFO:colcon.colcon_core.shell:Creating prefix script '/home/kevin/crazyflie_phasespace/install/local_setup.sh'
[0.763s] INFO:colcon.colcon_core.shell:Creating prefix util module '/home/kevin/crazyflie_phasespace/install/_local_setup_util_sh.py'
[0.763s] INFO:colcon.colcon_core.shell:Creating prefix chain script '/home/kevin/crazyflie_phasespace/install/setup.sh'
[0.764s] INFO:colcon.colcon_core.shell:Creating prefix script '/home/kevin/crazyflie_phasespace/install/local_setup.bash'
[0.765s] INFO:colcon.colcon_core.shell:Creating prefix chain script '/home/kevin/crazyflie_phasespace/install/setup.bash'
[0.766s] INFO:colcon.colcon_core.shell:Creating prefix script '/home/kevin/crazyflie_phasespace/install/local_setup.zsh'
[0.766s] INFO:colcon.colcon_core.shell:Creating prefix chain script '/home/kevin/crazyflie_phasespace/install/setup.zsh'
